<20171116>[TAJAKI_AvG] Action:Command Command:pg Args:
<20171116>[TAJAKI_AvG] Action:Passlock Passcode:123 Level:sb Coordinate:-96,69,-94
<20171116>[namgamervn] Action:Command Command:pg Args:
<20171116>[namgamervn] Action:Lock Level:sb Coordinate:461,69,-96
<20171116>[namgamervn] Action:Command Command:pg Args:
<20171116>[0ppa] Action:Command Command:pg Args:
<20171117>[Ghast_Noob] Action:Command Command:pg Args:
<20171117>[Ghast_Noob] Action:Passlock Passcode:hoilamgi Level:world2 Coordinate:76,1,158
<20171118>[Blint455] Action:Command Command:pg Args:
<20171118>[Blint455] Action:Lock Level:sb Coordinate:651,69,648
<20171118>[genji_viet_nam] Action:Command Command:pg Args:
<20171118>[genji_viet_nam] Action:Lock Level:sb Coordinate:654,69,277
<20171118>[genji_viet_nam] Action:Command Command:pg Args:
<20171118>[khoastr_gamer] Action:Command Command:pg Args:
<20171119>[NamMCPE_gamingF] Action:Command Command:pg Args:
<20171119>[Zzzzzzzz12] Action:Command Command:pg Args:
<20171120>[ninjageggdgehddg] Action:Command Command:pg Args:
<20171120>[ninjageggdgehddg] Action:Command Command:pg Args:
<20171120>[Ghast_Noob] Action:Command Command:pg Args:
<20171120>[Ghast_Noob] Action:Passlock Passcode:hihi Level:sb Coordinate:-284,69,837
<20171120>[ninjageggdgehddg] Action:Unlock Level:sb Coordinate:-284,69,837
<20171120>[ninjageggdgehddg] Action:Unlock Level:sb Coordinate:-284,69,837
<20171120>[ninjageggdgehddg] Action:Unlock Level:sb Coordinate:-284,69,837
<20171120>[ninjageggdgehddg] Action:Unlock Level:sb Coordinate:-284,69,837
<20171120>[ninjageggdgehddg] Action:Unlock Level:sb Coordinate:-284,69,837
<20171120>[ninjageggdgehddg] Action:Unlock Level:sb Coordinate:-284,69,837
<20171120>[ninjageggdgehddg] Action:Unlock Level:sb Coordinate:-284,69,837
<20171120>[ninjageggdgehddg] Action:Unlock Level:sb Coordinate:-284,69,837
<20171120>[ninjageggdgehddg] Action:Unlock Level:sb Coordinate:-284,69,837
<20171120>[ninjageggdgehddg] Action:Command Command:pg Args:
<20171120>[Ghast_Noob] Action:Command Command:pg Args:
<20171120>[ninjageggdgehddg] Action:Info Level:sb Coordinate:-284,69,837
<20171120>[Ghast_Noob] Action:Info Level:sb Coordinate:-284,69,837
<20171120>[ninjageggdgehddg] Action:Command Command:pg Args:
<20171120>[ninjageggdgehddg] Action:Info Level:sb Coordinate:-284,69,837
<20171120>[Ghast_Noob] Action:Command Command:pg Args:
<20171120>[Ghast_Noob] Action:Command Command:pg Args:
<20171120>[Ghast_Noob] Action:Passunlock Level:sb Coordinate:-284,69,837
<20171120>[ninjageggdgehddg] Action:Command Command:pg Args:
<20171120>[KaitoKiss] Action:Command Command:pg Args:
<20171120>[KaitoKiss] Action:Lock Level:sb Coordinate:655,69,-463
<20171120>[KaitoKiss] Action:Command Command:pg Args:
<20171120>[KaitoKiss] Action:Command Command:pg Args:
<20171120>[KaitoKiss] Action:Lock Level:sb Coordinate:652,69,-463
<20171120>[KaitoKiss] Action:Command Command:pg Args:
<20171120>[KaitoKiss] Action:Command Command:pg Args:
<20171120>[KaitoKiss] Action:Lock Level:sb Coordinate:649,69,-463
<20171120>[KaitoKiss] Action:Command Command:pg Args:
<20171120>[KaitoKiss] Action:Command Command:pg Args:
<20171120>[KaitoKiss] Action:Lock Level:sb Coordinate:646,69,-463
<20171120>[KaitoKiss] Action:Command Command:pg Args:
<20171120>[KaitoKiss] Action:Command Command:pg Args:
<20171120>[KaitoKiss] Action:Lock Level:sb Coordinate:643,69,-463
<20171120>[KaitoKiss] Action:Command Command:pg Args:1
<20171120>[phat2005] Action:Command Command:pg Args:
<20171120>[phat2005] Action:Passlock Passcode:321321 Level:sb Coordinate:-474,69,841
<20171120>[PanDa_Kiet200724] Action:Command Command:pg Args:
<20171120>[PanDa_Kiet200724] Action:Info Level:sb Coordinate:-473,69,841
<20171120>[PanDa_Kiet200724] Action:Command Command:pg Args:
<20171120>[ThanhTuan3] Action:Command Command:pg Args:
<20171120>[ThanhTuan3] Action:Command Command:pg Args:
<20171120>[ThanhTuan3] Action:Public Level:sb Coordinate:-659,70,841
<20171120>[ThanhTuan3] Action:Command Command:pg Args:
<20171120>[ThanhTuan3] Action:Command Command:pg Args:
<20171121>[ninjageggdgehddg] Action:Command Command:pg Args:
<20171121>[ninjageggdgehddg] Action:Info Level:sb Coordinate:-474,69,841
<20171121>[KenAnya] Action:Command Command:pg Args:
<20171121>[KenAnya] Action:Lock Level:sb Coordinate:90,69,1023
<20171121>[KenAnya] Action:Command Command:pg Args:
<20171121>[AmGM2017] Action:Command Command:pg Args:
<20171121>[AmGM2017] Action:Lock Level:enchant Coordinate:99986,81,99966
<20171121>[AmGM2017] Action:Command Command:pg Args:
<20171122>[boln_reet] Action:Command Command:pg Args:
<20171122>[boln_reet] Action:Info Level:world2 Coordinate:76,1,158
<20171122>[boln_reet] Action:Command Command:pg Args:
<20171122>[boln_reet] Action:Info Level:world2 Coordinate:76,1,158
<20171122>[boln_reet] Action:Command Command:pg Args:
<20171122>[boln_reet] Action:Command Command:pg Args:
<20171122>[boln_reet] Action:Info Level:sb Coordinate:654,69,277
<20171123>[genji_viet_nam] Action:Unlock Level:sb Coordinate:654,69,277
<20171124>[Lam_Kid_VN] Action:Command Command:pg Args:
<20171124>[Lam_Kid_VN] Action:Info Level:sb Coordinate:-474,69,841
<20171124>[BlazBlu] Action:Command Command:pg Args:
<20171124>[Drangon_Noob] Action:Unlock Level:enchant Coordinate:99986,81,99966
<20171125>[GalaxiGirl] Action:Command Command:pg Args:
<20171125>[boln_reet] Action:Command Command:pg Args:
<20171125>[boln_reet] Action:Lock Level:sb Coordinate:-94,69,650
<20171125>[Minhhuy] Action:Command Command:pg Args:
<20171125>[Minhhuy] Action:Info Level:sb Coordinate:-474,69,841
<20171125>[GalaxiGirl] Action:Command Command:pg Args:
<20171125>[GalaxiGirl] Action:Passlock Passcode:223 Level:sb Coordinate:1022,69,836
<20171125>[GalaxiGirl] Action:Command Command:pg Args:
<20171125>[ThanhTuan3] Action:Command Command:pg Args:123123
<20171125>[PenguinBoy] Action:Command Command:pg Args:
<20171126>[chituong_panda] Action:Command Command:pg Args:
<20171126>[chituong_panda] Action:Lock Level:sb Coordinate:268,70,-1033
<20171126>[chituong_panda] Action:Command Command:pg Args:
<20171126>[chituong_panda] Action:Unlock Level:sb Coordinate:268,70,-1033
<20171126>[Drangon_Noob] Action:Command Command:pg Args:
<20171126>[Drangon_Noob] Action:Passlock Passcode:no Level:sb Coordinate:1214,70,282
<20171126>[Drangon_Noob] Action:Unlock Level:sb Coordinate:1214,70,282
<20171126>[BinVCG] Action:Command Command:pg Args:
<20171126>[KaitoKiss] Action:Command Command:pg Args:
<20171126>[KaitoKiss] Action:Lock Level:sb Coordinate:-485,73,-289
<20171126>[BlackZVN] Action:Unlock Level:sb Coordinate:-485,73,-289
<20171126>[BlackZVN] Action:Unlock Level:sb Coordinate:-485,73,-289
<20171126>[phat2005] Action:Unlock Level:sb Coordinate:-485,73,-289
<20171126>[phat2005] Action:Unlock Level:sb Coordinate:-485,73,-289
<20171126>[phat2005] Action:Unlock Level:sb Coordinate:-485,73,-289
<20171126>[phat2005] Action:Unlock Level:sb Coordinate:-485,73,-289
<20171126>[KaitoKiss] Action:Unlock Level:sb Coordinate:-485,73,-289
<20171126>[Hung_ga] Action:Command Command:pg Args:
<20171126>[phat2005] Action:Command Command:pg Args:
<20171126>[phat2005] Action:Lock Level:sb Coordinate:-507,69,627
<20171126>[phat2005] Action:Unlock Level:sb Coordinate:-507,69,627
<20171126>[KaitoKiss] Action:Command Command:pg Args:
<20171126>[KaitoKiss] Action:Lock Level:sb Coordinate:-507,69,626
<20171126>[phat2005] Action:Command Command:pg Args:
<20171126>[phat2005] Action:Command Command:pg Args:
<20171126>[phat2005] Action:Lock Level:sb Coordinate:-469,69,841
<20171126>[BlackZVN] Action:Command Command:pg Args:
<20171126>[BlackZVN] Action:Info Level:sb Coordinate:-468,69,841
<20171126>[BlackZVN] Action:Command Command:pg Args:
<20171126>[BlackZVN] Action:Lock Level:sb Coordinate:-472,70,-283
<20171126>[StefanPvPPro] Action:Command Command:pg Args:
<20171126>[StefanPvPPro] Action:Lock Level:sb Coordinate:-1035,69,-287
<20171126>[Zio_Dragon_YT] Action:Command Command:pg Args:
<20171126>[Zio_Dragon_YT] Action:Info Level:sb Coordinate:-1035,69,-287
<20171126>[Zio_Dragon_YT] Action:Command Command:pg Args:
<20171126>[Zio_Dragon_YT] Action:Info Level:sb Coordinate:-1036,69,-287
<20171126>[Lam_Kid_VN] Action:Command Command:pg Args:
<20171126>[Lam_Kid_VN] Action:Info Level:sb Coordinate:-1035,69,-287
<20171126>[Lam_Kid_VN] Action:Command Command:pg Args:
<20171126>[Lam_Kid_VN] Action:Info Level:sb Coordinate:-1035,69,-287
<20171126>[Minhhuy] Action:Command Command:pg Args:
<20171126>[Minhhuy] Action:Info Level:sb Coordinate:-507,69,627
<20171126>[phat2005] Action:Unlock Level:sb Coordinate:-507,69,627
<20171126>[phat2005] Action:Command Command:pg Args:
<20171126>[ClearSneeze1433] Action:Command Command:pg Args:
<20171127>[SlenderZinkai_VN] Action:Command Command:pg Args:
<20171127>[SlenderZinkai_VN] Action:Command Command:pg Args:
<20171127>[SlenderZinkai_VN] Action:Command Command:pg Args:
<20171127>[SlenderZinkai_VN] Action:Passlock Passcode:Slender1993 Level:sb Coordinate:1212,69,841
<20171127>[SlenderZinkai_VN] Action:Command Command:pg Args:
<20171127>[SlenderZinkai_VN] Action:Passlock Passcode:Cute2009 Level:sb Coordinate:-1034,69,839
<20171127>[ZzThunderZz] Action:Command Command:pg Args:
<20171127>[ZzThunderZz] Action:Lock Level:sb Coordinate:469,70,-1034
<20171127>[ZzThunderZz] Action:Command Command:pg Args:
<20171127>[ZzThunderZz] Action:Lock Level:sb Coordinate:469,69,-1034
<20171127>[ZzThunderZz] Action:Command Command:pg Args:
<20171127>[hau19] Action:Command Command:pg Args:
<20171127>[hau19] Action:Lock Level:sb Coordinate:835,69,-1030
<20171127>[hau19] Action:Command Command:pg Args:
<20171127>[hau19] Action:Unlock Level:sb Coordinate:835,69,-1030
<20171127>[Hieuculy] Action:Command Command:pg Args:
<20171127>[Hieuculy] Action:Lock Level:sb Coordinate:838,69,-1029
<20171127>[Hieuculy] Action:Command Command:pg Args:
<20171127>[Hieuculy] Action:Info Level:sb Coordinate:838,69,-1029
<20171127>[hau19] Action:Command Command:pg Args:
<20171127>[hau19] Action:Lock Level:sb Coordinate:835,69,-1030
<20171127>[hau19] Action:Command Command:pg Args:
<20171127>[hau19] Action:Command Command:pg Args:
<20171127>[hau19] Action:Unlock Level:sb Coordinate:835,69,-1031
<20171127>[Hieuculy] Action:Command Command:pg Args:
<20171127>[Hieuculy] Action:Lock Level:sb Coordinate:835,69,-1031
<20171127>[Hieuculy] Action:Command Command:pg Args:123
<20171127>[Hieuculy] Action:Unlock Level:sb Coordinate:838,69,-1029
<20171127>[hau19] Action:Command Command:pg Args:
<20171127>[hau19] Action:Info Level:sb Coordinate:835,69,-1030
<20171127>[Hieuculy] Action:Command Command:pg Args:
<20171127>[Hieuculy] Action:Command Command:pg Args:123
<20171127>[Hieuculy] Action:Unlock Level:sb Coordinate:835,69,-1030
<20171127>[Hieuculy] Action:Command Command:pg Args:
<20171127>[Hieuculy] Action:Command Command:pg Args:111
<20171127>[Hieuculy] Action:Command Command:pg Args:1234
<20171127>[Hieuculy] Action:Command Command:pg Args:
<20171127>[Hieuculy] Action:Command Command:pg Args:123
<20171127>[Hieuculy] Action:Command Command:pg Args:
<20171127>[Hieuculy] Action:Lock Level:sb Coordinate:838,69,-1029
<20171127>[Hieuculy] Action:Command Command:pg Args:123
<20171128>[NTT_GamEr_PlaY] Action:Command Command:pg Args:
<20171129>[khoastr_gamer] Action:Command Command:pg Args:
<20171129>[khoastr_gamer] Action:Lock Level:sb Coordinate:-94,69,-477
<20171129>[khoastr_gamer] Action:Command Command:pg Args:
<20171130>[ZzXUXU_GRILzZ] Action:Command Command:pg Args:
<20171130>[ZzXUXU_GRILzZ] Action:Command Command:pg Args:
<20171130>[khoastr_gamer] Action:Command Command:pg Args:
<20171130>[khoastr_gamer] Action:Lock Level:sb Coordinate:-99,69,-477
<20171130>[khoastr_gamer] Action:Command Command:pg Args:
<20171130>[khoastr_gamer] Action:Lock Level:sb Coordinate:-95,69,-469
<20171130>[khoastr_gamer] Action:Command Command:pg Args:
<20171130>[khoastr_gamer] Action:Lock Level:sb Coordinate:-97,69,-477
<20171130>[khoastr_gamer] Action:Command Command:pg Args:
<20171130>[Hung_ga] Action:Command Command:pg Args:
<20171130>[Quantu] Action:Command Command:pg Args:
<20171130>[Quantu] Action:Passlock Passcode:porry Level:sb Coordinate:-283,66,-1053
<20171130>[Quantu] Action:Command Command:pg Args:
<20171130>[Quantu] Action:Passlock Passcode:porry Level:sb Coordinate:-283,66,-1051
<20171130>[Quantu] Action:Command Command:pg Args:
<20171130>[Quantu] Action:Passlock Passcode:porry Level:sb Coordinate:-284,65,-1049
<20171130>[Quantu] Action:Command Command:pg Args:
<20171130>[Quantu] Action:Passlock Passcode:porry Level:sb Coordinate:-285,66,-1049
<20171130>[Quantu] Action:Command Command:pg Args:
<20171130>[Quantu] Action:Passlock Passcode:porry Level:sb Coordinate:-283,66,-1049
<20171130>[Quantu] Action:Command Command:pg Args:
<20171130>[Quantu] Action:Passlock Passcode:porry Level:sb Coordinate:-285,65,-1049
<20171130>[Quantu] Action:Command Command:pg Args:
<20171130>[Quantu] Action:Command Command:pg Args:
<20171130>[Quantu] Action:Command Command:pg Args:
<20171130>[Quantu] Action:Passlock Passcode:porry Level:sb Coordinate:-283,65,-1050
<20171130>[ZzXUXU_GRILzZ] Action:Command Command:pg Args:
<20171130>[ZzXUXU_GRILzZ] Action:Info Level:sb Coordinate:-283,66,-1049
<20171130>[ZzXUXU_GRILzZ] Action:Command Command:pg Args:
<20171130>[ZzXUXU_GRILzZ] Action:Command Command:pg Args:
<20171130>[ZzXUXU_GRILzZ] Action:Info Level:sb Coordinate:-283,66,-1051
<20171130>[ZzXUXU_GRILzZ] Action:Command Command:pg Args:
<20171130>[ZzXUXU_GRILzZ] Action:Info Level:sb Coordinate:-283,66,-1049
<20171130>[ZzXUXU_GRILzZ] Action:Command Command:pg Args:
<20171130>[ZzXUXU_GRILzZ] Action:Command Command:pg Args:
<20171130>[ZzXUXU_GRILzZ] Action:Unlock Level:sb Coordinate:-285,66,-1049
<20171130>[ZzXUXU_GRILzZ] Action:Unlock Level:sb Coordinate:-285,66,-1049
<20171130>[ZzXUXU_GRILzZ] Action:Unlock Level:sb Coordinate:-285,66,-1049
<20171130>[ZzXUXU_GRILzZ] Action:Unlock Level:sb Coordinate:-284,66,-1049
<20171130>[ZzXUXU_GRILzZ] Action:Unlock Level:sb Coordinate:-283,66,-1050
<20171130>[ZzXUXU_GRILzZ] Action:Unlock Level:sb Coordinate:-283,66,-1050
<20171130>[ZzXUXU_GRILzZ] Action:Unlock Level:sb Coordinate:-283,66,-1051
<20171130>[ZzXUXU_GRILzZ] Action:Unlock Level:sb Coordinate:-285,66,-1049
<20171130>[ZzXUXU_GRILzZ] Action:Unlock Level:sb Coordinate:-285,66,-1049
<20171130>[ZzXUXU_GRILzZ] Action:Unlock Level:sb Coordinate:-285,66,-1049
<20171130>[Hung_ga] Action:Info Level:sb Coordinate:-284,66,-1049
<20171130>[ZzXUXU_GRILzZ] Action:Command Command:pg Args:
<20171130>[genji_viet_nam] Action:Command Command:pg Args:
<20171130>[genji_viet_nam] Action:Info Level:sb Coordinate:-284,65,-1049
<20171130>[genji_viet_nam] Action:Command Command:pg Args:
<20171130>[genji_viet_nam] Action:Command Command:pg Args:
<20171130>[genji_viet_nam] Action:Info Level:sb Coordinate:-284,66,-1049
<20171130>[genji_viet_nam] Action:Unlock Level:sb Coordinate:-284,66,-1049
<20171130>[genji_viet_nam] Action:Unlock Level:sb Coordinate:-284,65,-1049
<20171130>[ZzXUXU_GRILzZ] Action:Command Command:pg Args:
<20171130>[ZzXUXU_GRILzZ] Action:Info Level:sb Coordinate:-286,66,-1049
<20171130>[genji_viet_nam] Action:Command Command:pg Args:
<20171130>[genji_viet_nam] Action:Info Level:sb Coordinate:-283,66,-1052
<20171130>[ZzXUXU_GRILzZ] Action:Command Command:pg Args:
<20171130>[ZzXUXU_GRILzZ] Action:Info Level:sb Coordinate:-286,66,-1049
<20171201>[Baby_Baby] Action:Command Command:pg Args:
<20171201>[Baby_Baby] Action:Lock Level:sb Coordinate:1402,69,-285
<20171201>[xXFire_GodXx] Action:Command Command:pg Args:
<20171201>[xXFire_GodXx] Action:Info Level:sb Coordinate:1402,69,-286
<20171201>[Zio_Dragon_YT] Action:Command Command:pg Args:
<20171201>[Ghast_Noob] Action:Command Command:pg Args:
<20171201>[Zio_Dragon_YT] Action:Info Level:sb Coordinate:1402,69,-286
<20171201>[Ghast_Noob] Action:Command Command:pg Args:
<20171201>[Ghast_Noob] Action:Command Command:pg Args:
<20171201>[Ghast_Noob] Action:Command Command:pg Args:
<20171201>[Ghast_Noob] Action:Info Level:sb Coordinate:1402,69,-286
<20171201>[xXFire_GodXx] Action:Unlock Level:sb Coordinate:1402,69,-285
<20171201>[Baby_Baby] Action:Command Command:pg Args:
<20171201>[Baby_Baby] Action:Unlock Level:sb Coordinate:1402,69,-285
<20171201>[Ghast_Noob] Action:Command Command:pg Args:
<20171201>[Ghast_Noob] Action:Command Command:pg Args:
<20171201>[Baby_Baby] Action:Command Command:pg Args:
<20171201>[Baby_Baby] Action:Passlock Passcode:123456 Level:sb Coordinate:1402,69,-285
<20171201>[Baby_Baby] Action:Command Command:pg Args:
<20171201>[Baby_Baby] Action:Command Command:pg Args:123456
<20171201>[Baby_Baby] Action:Command Command:pg Args:
<20171201>[Baby_Baby] Action:Passunlock Level:sb Coordinate:1402,69,-285
<20171201>[ShadowDog] Action:Command Command:pg Args:
<20171201>[ShadowDog] Action:Command Command:pg Args:
<20171201>[genji_viet_nam] Action:Command Command:pg Args:
<20171201>[genji_viet_nam] Action:Command Command:pg Args:
<20171201>[genji_viet_nam] Action:Command Command:pg Args:
<20171201>[genji_viet_nam] Action:Info Level:sb Coordinate:-285,66,-1049
<20171201>[BinVCG] Action:Unlock Level:sb Coordinate:838,69,-1029
<20171201>[BinVCG] Action:Unlock Level:sb Coordinate:838,69,-1029
<20171201>[BinVCG] Action:Unlock Level:sb Coordinate:838,69,-1029
<20171201>[BinVCG] Action:Unlock Level:sb Coordinate:838,69,-1029
<20171201>[BinVCG] Action:Unlock Level:sb Coordinate:838,69,-1029
<20171201>[BinVCG] Action:Unlock Level:sb Coordinate:838,69,-1029
<20171201>[BinVCG] Action:Unlock Level:sb Coordinate:838,69,-1029
<20171201>[BinVCG] Action:Unlock Level:sb Coordinate:838,69,-1029
<20171202>[helloghost7391] Action:Command Command:pg Args:
<20171202>[helloghost7391] Action:Info Level:world2 Coordinate:76,1,158
<20171202>[BinVCG] Action:Command Command:pg Args:
<20171202>[helloghost7391] Action:Command Command:pg Args:
<20171202>[helloghost7391] Action:Info Level:world2 Coordinate:76,1,158
<20171202>[BinVCG] Action:Command Command:pg Args:
<20171202>[BinVCG] Action:Info Level:world2 Coordinate:76,1,158
<20171203>[best_best] Action:Command Command:pg Args:123,123
<20171203>[best_best] Action:Lock Level:sb Coordinate:1396,70,-665
<20171203>[ThienSuperPower] Action:Command Command:pg Args:
<20171203>[ThienSuperPower] Action:Command Command:pg Args:
<20171203>[ThienSuperPower] Action:Info Level:sb Coordinate:1396,70,-665
<20171203>[ThienSuperPower] Action:Command Command:pg Args:
<20171203>[ThienSuperPower] Action:Passlock Passcode:12345678 Level:sb Coordinate:-1222,65,-474
<20171203>[best_best] Action:Command Command:pg Args:
<20171203>[best_best] Action:Info Level:sb Coordinate:-1222,65,-474
<20171203>[best_best] Action:Command Command:pg Args:
<20171203>[best_best] Action:Command Command:pg Args:
<20171203>[best_best] Action:Info Level:sb Coordinate:-1222,65,-474
<20171203>[Rainny_Girl] Action:Command Command:pg Args:
<20171203>[best_best] Action:Command Command:pg Args:12345678
<20171203>[Rainny_Girl] Action:Command Command:pg Args:
<20171203>[best_best] Action:Command Command:pg Args:12345678
<20171203>[ZzXUXU_GRILzZ] Action:Unlock Level:sb Coordinate:-283,65,-1049
<20171203>[ThienSuperPower] Action:Unlock Level:sb Coordinate:-1222,65,-474
<20171203>[vuonc] Action:Command Command:pg Args:
<20171203>[vuonc] Action:Lock Level:sb Coordinate:1397,70,655
<20171203>[vuonc] Action:Command Command:pg Args:
<20171203>[vuonc] Action:Lock Level:sb Coordinate:1399,69,655
<20171203>[vuonc] Action:Command Command:pg Args:
<20171203>[vuonc] Action:Lock Level:sb Coordinate:1399,70,655
<20171203>[vuonc] Action:Command Command:pg Args:
<20171203>[vuonc] Action:Lock Level:sb Coordinate:1398,69,655
<20171203>[ThienSuperPower] Action:Command Command:pg Args:
<20171203>[ThienSuperPower] Action:Passlock Passcode:12345678 Level:sb Coordinate:-1207,65,-474
<20171203>[ThienSuperPower] Action:Unlock Level:sb Coordinate:1399,70,655
<20171203>[ThienSuperPower] Action:Unlock Level:sb Coordinate:1399,70,655
<20171203>[ThienSuperPower] Action:Unlock Level:sb Coordinate:1399,70,655
<20171203>[ThienSuperPower] Action:Unlock Level:sb Coordinate:1398,70,655
<20171203>[ThienSuperPower] Action:Command Command:pg Args:
<20171203>[ThienSuperPower] Action:Passlock Passcode:12345678 Level:sb Coordinate:-1208,65,-470
<20171203>[ThienSuperPower] Action:Command Command:pg Args:
<20171203>[ThienSuperPower] Action:Passlock Passcode:12345678 Level:sb Coordinate:-1208,65,-469
<20171203>[ThienSuperPower] Action:Command Command:pg Args:
<20171203>[ThienSuperPower] Action:Passlock Passcode:12345678 Level:sb Coordinate:-1208,65,-473
<20171203>[ThienSuperPower] Action:Command Command:pg Args:12345678
<20171203>[ThienSuperPower] Action:Command Command:pg Args:
<20171203>[ThienSuperPower] Action:Command Command:pg Args:
<20171203>[ThienSuperPower] Action:Passunlock Level:sb Coordinate:-1208,65,-473
<20171203>[ThienSuperPower] Action:Command Command:pg Args:
<20171203>[ThienSuperPower] Action:Passunlock Level:sb Coordinate:-1207,65,-474
<20171203>[best_best] Action:Command Command:pg Args:07092002
<20171203>[best_best] Action:Lock Level:sb Coordinate:1397,72,-665
<20171203>[boln_reet] Action:Command Command:pg Args:
<20171203>[boln_reet] Action:Lock Level:sb Coordinate:-94,69,648
<20171204>[ZzXUXU_GRILzZ] Action:Unlock Level:sb Coordinate:-286,66,-1049
<20171204>[ZzXUXU_GRILzZ] Action:Unlock Level:sb Coordinate:-286,66,-1049
<20171204>[ZzXUXU_GRILzZ] Action:Unlock Level:sb Coordinate:-286,66,-1049
<20171204>[ZzXUXU_GRILzZ] Action:Unlock Level:sb Coordinate:-286,66,-1049
<20171204>[ZzXUXU_GRILzZ] Action:Unlock Level:sb Coordinate:-286,66,-1049
<20171204>[ZzXUXU_GRILzZ] Action:Unlock Level:sb Coordinate:-286,66,-1049
<20171204>[ZzXUXU_GRILzZ] Action:Unlock Level:sb Coordinate:-286,66,-1049
<20171204>[ZzXUXU_GRILzZ] Action:Unlock Level:sb Coordinate:-286,66,-1049
<20171204>[ZzXUXU_GRILzZ] Action:Unlock Level:sb Coordinate:-286,66,-1049
<20171204>[ZzXUXU_GRILzZ] Action:Unlock Level:sb Coordinate:-286,66,-1049
<20171204>[ZzXUXU_GRILzZ] Action:Unlock Level:sb Coordinate:-286,66,-1049
<20171204>[ZzXUXU_GRILzZ] Action:Unlock Level:sb Coordinate:-286,66,-1049
<20171204>[ZzXUXU_GRILzZ] Action:Unlock Level:sb Coordinate:-286,66,-1049
<20171204>[ZzXUXU_GRILzZ] Action:Unlock Level:sb Coordinate:-286,66,-1049
<20171204>[ZzXUXU_GRILzZ] Action:Unlock Level:sb Coordinate:-286,66,-1049
<20171204>[ZzXUXU_GRILzZ] Action:Unlock Level:sb Coordinate:-285,66,-1049
<20171204>[ZzXUXU_GRILzZ] Action:Unlock Level:sb Coordinate:-285,66,-1049
<20171204>[ZzXUXU_GRILzZ] Action:Unlock Level:sb Coordinate:-286,66,-1049
<20171204>[ZzXUXU_GRILzZ] Action:Unlock Level:sb Coordinate:-286,66,-1049
<20171204>[ZzXUXU_GRILzZ] Action:Unlock Level:sb Coordinate:-286,66,-1049
<20171204>[ZzXUXU_GRILzZ] Action:Unlock Level:sb Coordinate:-286,66,-1049
<20171204>[NhoXFa] Action:Command Command:pg Args:
<20171204>[NhoXFa] Action:Lock Level:sb Coordinate:840,69,-1222
<20171204>[NhoXFa] Action:Command Command:pg Args:
<20171204>[NhoXFa] Action:Unlock Level:sb Coordinate:840,69,-1222
<20171204>[helloghost7391] Action:Command Command:pg Args:
<20171204>[helloghost7391] Action:Lock Level:sb Coordinate:-838,66,861
<20171204>[davidpvp16] Action:Command Command:pg Args:
<20171204>[davidpvp16] Action:Lock Level:sb Coordinate:1406,65,835
<20171204>[davidpvp16] Action:Command Command:pg Args:
<20171205>[davidpvp16] Action:Unlock Level:sb Coordinate:1406,65,834
<20171205>[PanDa_Builder] Action:Command Command:pg Args:
<20171205>[PanDa_Builder] Action:Command Command:pg Args:
<20171205>[PanDa_Builder] Action:Passlock Passcode:111 Level:sb Coordinate:2341,70,2322
<20171205>[PanDa_Builder] Action:Unlock Level:sb Coordinate:2341,70,2322
<20171205>[PanDa_Builder] Action:Command Command:pg Args:
<20171205>[PanDa_Builder] Action:Passlock Passcode:248 Level:sb Coordinate:-655,69,-658
<20171205>[PanDa_Builder] Action:Command Command:pg Args:
<20171205>[PanDa_Builder] Action:Passlock Passcode:248 Level:sb Coordinate:-655,70,-660
<20171205>[PenguinBoy] Action:Command Command:pg Args:
<20171205>[PenguinBoy] Action:Command Command:pg Args:
<20171205>[PenguinBoy] Action:Command Command:pg Args:
<20171205>[PenguinBoy] Action:Lock Level:sb Coordinate:280,69,1213
<20171205>[PenguinBoy] Action:Command Command:pg Args:
<20171205>[PenguinBoy] Action:Info Level:sb Coordinate:280,69,1214
<20171205>[khoastr_gamer] Action:Command Command:pg Args:
<20171205>[khoastr_gamer] Action:Command Command:pg Args:
<20171205>[khoastr_gamer] Action:Passunlock Level:sb Coordinate:-655,69,-658
<20171205>[khoastr_gamer] Action:Command Command:pg Args:
<20171205>[khoastr_gamer] Action:Passlock Passcode:3832 Level:sb Coordinate:-655,69,-659
<20171205>[PanDa_Builder] Action:Command Command:pg Args:
<20171205>[khoastr_gamer] Action:Command Command:pg Args:
<20171205>[PanDa_Builder] Action:Command Command:pg Args:
<20171205>[PanDa_Builder] Action:FailPassunlock Level:sb Coordinate:-655,69,-658
<20171205>[PanDa_Builder] Action:Command Command:pg Args:
<20171205>[PanDa_Builder] Action:Info Level:sb Coordinate:-655,69,-658
<20171205>[khoastr_gamer] Action:Command Command:pg Args:
<20171205>[khoastr_gamer] Action:FailPassunlock Level:sb Coordinate:-655,69,-658
<20171205>[PanDa_Builder] Action:Command Command:pg Args:
<20171205>[PanDa_Builder] Action:FailPassunlock Level:sb Coordinate:-655,69,-658
<20171205>[khoastr_gamer] Action:Command Command:pg Args:
<20171205>[khoastr_gamer] Action:FailPassunlock Level:sb Coordinate:-655,69,-658
<20171205>[khoastr_gamer] Action:Command Command:pg Args:
<20171205>[khoastr_gamer] Action:Passunlock Level:sb Coordinate:-655,69,-658
<20171205>[khoastr_gamer] Action:Command Command:pg Args:
<20171205>[khoastr_gamer] Action:Passlock Passcode:248 Level:sb Coordinate:-655,69,-658
<20171205>[kaitoVN] Action:Command Command:pg Args:
<20171205>[kaitoVN] Action:Info Level:sb Coordinate:-655,70,-660
<20171205>[PanDa_Builder] Action:Command Command:pg Args:
<20171205>[PanDa_Builder] Action:Passunlock Level:sb Coordinate:-655,69,-658
<20171205>[PenguinBoy] Action:Command Command:pg Args:
<20171205>[PenguinBoy] Action:Lock Level:sb Coordinate:280,70,1213
<20171205>[PenguinBoy] Action:Command Command:pg Args:
<20171205>[PenguinBoy] Action:Info Level:sb Coordinate:280,69,1214
<20171205>[PenguinBoy] Action:Command Command:pg Args:
<20171205>[PenguinBoy] Action:Info Level:sb Coordinate:280,70,1213
<20171206>[khoastr_gamer] Action:Command Command:pg Args:
<20171206>[khoastr_gamer] Action:Command Command:pg Args:
<20171206>[khoastr_gamer] Action:Command Command:pg Args:
<20171206>[khoastr_gamer] Action:Command Command:pg Args:
<20171206>[khoastr_gamer] Action:Command Command:pg Args:
<20171206>[khoastr_gamer] Action:Command Command:pg Args:
<20171206>[khoastr_gamer] Action:Command Command:pg Args:
<20171206>[PenguinBoy] Action:Command Command:pg Args:
<20171206>[PenguinBoy] Action:Info Level:sb Coordinate:280,69,1214
<20171206>[Rainny_Girl] Action:Command Command:pg Args:
<20171206>[Rainny_Girl] Action:Info Level:sb Coordinate:-283,66,-1052
<20171206>[PenguinBoy] Action:Command Command:pg Args:
<20171206>[PenguinBoy] Action:Lock Level:sb Coordinate:280,69,1209
<20171206>[SlenderZinkai_VN] Action:Command Command:pg Args:
<20171206>[SlenderZinkai_VN] Action:Passlock Passcode:Slen123 Level:sb Coordinate:1214,69,835
<20171206>[ThienSuperPower] Action:Command Command:pg Args:
<20171206>[ThienSuperPower] Action:Command Command:pg Args:
<20171206>[ThienSuperPower] Action:Passlock Passcode: Level:sb Coordinate:-1214,72,-473
<20171206>[ThienSuperPower] Action:Command Command:pg Args:
<20171206>[ThienSuperPower] Action:Command Command:pg Args:
<20171206>[ThienSuperPower] Action:Passlock Passcode: Level:sb Coordinate:-1214,72,-474
<20171206>[ThienSuperPower] Action:Command Command:pg Args:
<20171206>[ThienSuperPower] Action:Passlock Passcode: Level:sb Coordinate:-1214,72,-475
<20171206>[vuonc] Action:Unlock Level:sb Coordinate:-1208,65,-470
<20171206>[SlenderZinkai_VN] Action:Unlock Level:sb Coordinate:1214,69,835
<20171206>[PanDa_Builder] Action:Unlock Level:sb Coordinate:-655,70,-660
<20171207>[boln_reet] Action:Command Command:pg Args:
<20171207>[Bracing_VNYT] Action:Command Command:pg Args:
<20171207>[zzKhanhMczz] Action:Command Command:pg Args:
<20171207>[zzKhanhMczz] Action:Lock Level:sb Coordinate:274,70,1584
<20171207>[zzKhanhMczz] Action:Command Command:pg Args:
<20171207>[zzKhanhMczz] Action:Unlock Level:sb Coordinate:274,70,1584
<20171208>[Lam_Kid_VN] Action:Unlock Level:sb Coordinate:280,69,1210
<20171208>[Flash] Action:Command Command:pg Args:
<20171208>[Devil_Amazing] Action:Command Command:pg Args:
<20171208>[Devil_Amazing] Action:Lock Level:sb Coordinate:1583,69,274
<20171208>[Flash] Action:Command Command:pg Args:
<20171208>[Flash] Action:Command Command:pg Args:
<20171208>[Flash] Action:Lock Level:sb Coordinate:1583,69,-98
<20171208>[Flash] Action:Unlock Level:sb Coordinate:1583,69,-98
<20171208>[KingofPro] Action:Command Command:pg Args:
<20171208>[KingofPro] Action:Lock Level:sb Coordinate:278,69,-1409
<20171208>[helloghost7391] Action:Command Command:pg Args:
<20171208>[helloghost7391] Action:Lock Level:sb Coordinate:-838,65,859
<20171208>[KaitoKiss] Action:Unlock Level:sb Coordinate:644,69,-463
<20171209>[FalledisonPTS] Action:Command Command:pg Args:
<20171209>[FalledisonPTS] Action:Lock Level:sb Coordinate:466,69,1400
<20171209>[FalledisonPTS] Action:Unlock Level:sb Coordinate:466,69,1399
<20171210>[my_noob9898] Action:Command Command:pg Args:
<20171210>[my_noob9898] Action:Info Level:sb Coordinate:-1214,72,-473
<20171210>[my_noob9898] Action:Command Command:pg Args:
<20171210>[my_noob9898] Action:Lock Level:sb Coordinate:1400,70,1209
<20171210>[my_noob9898] Action:Command Command:pg Args:
<20171210>[my_noob9898] Action:Lock Level:sb Coordinate:1401,69,1209
<20171210>[my_noob9898] Action:Command Command:pg Args:
<20171210>[my_noob9898] Action:Lock Level:sb Coordinate:1400,71,1209
<20171210>[my_noob9898] Action:Command Command:pg Args:
<20171210>[my_noob9898] Action:Lock Level:sb Coordinate:1409,70,1223
<20171210>[my_noob9898] Action:Command Command:pg Args:
<20171210>[my_noob9898] Action:Lock Level:sb Coordinate:1411,70,1223
<20171210>[my_noob9898] Action:Command Command:pg Args:
<20171210>[my_noob9898] Action:Lock Level:sb Coordinate:1413,70,1223
<20171210>[khoastr] Action:Unlock Level:sb Coordinate:-94,69,-477
<20171210>[khoastr] Action:Unlock Level:sb Coordinate:-94,69,-477
<20171210>[khoastr] Action:Unlock Level:sb Coordinate:-94,69,-477
<20171210>[khoastr] Action:Unlock Level:sb Coordinate:-94,69,-477
<20171210>[khoastr] Action:Unlock Level:sb Coordinate:-95,69,-469
