Altay Crash Dump Sat Aug 11 15:46:15 WIB 2018

Error: Declaration of SalmonDE\SkinChanger\Skin::onCommand(pocketmine\command\CommandSender $sender, pocketmine\command\Command $cmd, $label, array $args) must be compatible with pocketmine\plugin\PluginBase::onCommand(pocketmine\command\CommandSender $sender, pocketmine\command\Command $command, string $label, array $args): bool
File: SkinChanger-master/src/SalmonDE/SkinChanger/Skin
Line: 18
Type: E_COMPILE_ERROR

THIS CRASH WAS CAUSED BY A PLUGIN

Code:

Backtrace:

Altay version: 3.0.7+dev [Protocol 274]
Git commit: 0000000000000000000000000000000000000000
uname -a: Windows NT WIN-VCQUKKDO8FH 6.3 build 9600 (Windows Server 2012 R2 Datacenter Edition) AMD64
PHP Version: 7.2.8
Zend version: 3.2.0
OS : WINNT, win

Loaded plugins:
ClearLaggPE 2.0.0 by VMPE Development Team for API(s) 3.0.0, 4.0.0
Coins 4.0.1 by fb.com/roremi.cf, MinecrafterJPN for API(s) 3.1.1, 3.0.0, 3.0.0-ALPHA12
EnchantWings 1.3 by FBTEAM for API(s) 3.0.4

----------------------REPORT THE DATA BELOW THIS LINE-----------------------

===BEGIN CRASH DUMP===
eNq1VG1P2zAQ/iuW1Q+ghfQVCvlW2iAYfcnaDj4QhJzESa06dmS7VB3qf985bUc6TWxCWr7Yd+c7
P89z57xhw3KKveZ5u33V7Ta75w6mSkmFvTdsNgWEsP/Sn4yCu6H/4k+nkyl2cE61JpmNDWjMiSKG
SYFkimaE51IM/DCcLZnoL4jIqNoZnidFX+Y5EclJIeMlNTkTNAzjnS8M98EZFQlVqKbL1UEfnUW1
OE8cVOMkotxBRCmyQTWiMn2K8pU2KKIIcgrAF3GK1swsjuoVfJUxEYZBuV4TTf8Tyt3GQdooJrI/
AvZQJCUHcVPGrbIVAc9yog1Vda3i+kHheiVe7iGTw/XQysutg3fMsGfUijo4lgkEnp4dbBSJ99uM
CqoIt40WxM4A7nFDNlDnlSoNDQVP22243S8JfQVvtGI8wV4DiitpZAxgvVa342BSsMNROJYxA1bj
Hz9IUGTJWWRz3GbLtZ7VHs8jE4lcazSeo8e78dlD/9v3+/vB5PLmFl24bVQCQlcXjQY6ORydUQXo
UavRbKFpCw2IAb4CxEN+wuyUnqLeaHDRgVuKRQF3dN2WewnWD2hkyWIHAYIvUlsMd+PxHBylsQZJ
f4mrrXJ9TokakiwL/IqQVW9VTqhdVicrs5AKCjzhh1HgowF9pVwWOSBFc0py/LxX9amU1aZ0yhX8
VBCYZcCaEq6htwktALre9VTL1AyqjpzYKXgHFIZDSWBi7bTABkLBZDZ/nEyHA3CtaaSZsQzG0iC9
kGs7rcmKIiORpjxFUGeJmEilystH71o9+nKvxoF+aVeJW/TNY+Jp5MKzqMOvhubMjVOIjmB+Y0VS
aNfXYHwkQrNMP4hRrme9YXDba7Y+LUpQvtmRFHQDv4B342/aLIwl7YsYXp+Bwcuq3I/cVQmabvtY
gJvrud8b/dbqzqfZ7C8OwxHZ/Qw+ooC32+1PQE7o/w==
===END CRASH DUMP===
