Altay Crash Dump Sat Aug 11 15:46:05 WIB 2018

Error: Declaration of SalmonDE\SkinChanger\Skin::onCommand(pocketmine\command\CommandSender $sender, pocketmine\command\Command $cmd, $label, array $args) must be compatible with pocketmine\plugin\PluginBase::onCommand(pocketmine\command\CommandSender $sender, pocketmine\command\Command $command, string $label, array $args): bool
File: SkinChanger-master/src/SalmonDE/SkinChanger/Skin
Line: 18
Type: E_COMPILE_ERROR

THIS CRASH WAS CAUSED BY A PLUGIN

Code:

Backtrace:

Altay version: 3.0.7+dev [Protocol 274]
Git commit: 0000000000000000000000000000000000000000
uname -a: Windows NT WIN-VCQUKKDO8FH 6.3 build 9600 (Windows Server 2012 R2 Datacenter Edition) AMD64
PHP Version: 7.2.8
Zend version: 3.2.0
OS : WINNT, win

Loaded plugins:
ClearLaggPE 2.0.0 by VMPE Development Team for API(s) 3.0.0, 4.0.0
Coins 4.0.1 by fb.com/roremi.cf, MinecrafterJPN for API(s) 3.1.1, 3.0.0, 3.0.0-ALPHA12
EnchantWings 1.3 by FBTEAM for API(s) 3.0.4

----------------------REPORT THE DATA BELOW THIS LINE-----------------------

===BEGIN CRASH DUMP===
eNq1VG1P2zAQ/iuWxQfQQvpKC/lW2iAYfcnaDj4QhJzESa06dmS7VB3qf985bUc6TWxCWr7Yd+c7
P89z57xhw3KKvcZFq3XV7TY6Fw6mSkmFvTdsNgWEsP/Sn4yCu6H/4k+nkyl2cE61JpmNDWjMiSKG
SYFkimaE51IM/DCcLZnoL4jIqNoZnidFX+Y5EclpIeMlNTkTNAzjnS8M98EZFQlV6ESXq4M+OotO
4jxx0AknEeUOIkqRDTohKtNnKF9pgyKKIKcAfBGnaM3M4qhewVcZE2EYlOs10fQ/odxtHKSNYiL7
I2APRVJyEDdl3CpbEfA8J9pQVdMqrh0UrlXi5R4yOVwPrbzcOnjHDHtGraiDY5lA4OnZwUaReL/N
qKCKcNtoQewM4B43ZAN1XqnS0FDwtNy62/2S0FfwRivGE+zVobiSRsYA1mt22w4mBTschWMZM2DV
//GDBEWWnEU2x200XetZ7fE8MpHItUbjOXq8G58/9L99v78fTC5vblHHbaESELrq1Ovo9HB0RhWg
R816o4mmTTQgBvgKEA/5CbNTeoZ6o0GnDbcUiwLu6LpN9xKsH9DIksUOAgRfpLYY7sbjOThKYw2S
/hJXW+X6nBI1JFkW+BUhq96qnFC7rE5WZiEVFHjCD6PARwP6SrksckCK5pTk+Hmv6lMpq01plyv4
qSAwy4A1JVxDbxNaAHS966mWqRlUHTmxU/AOKAyHksDE2mmBDYSCyWz+OJkOB+Ba00gzYxmMpUF6
Idd2WpMVRUYiTXmKoM4SMZFKlZeP3rV69OVejQP90q4St+gbx8TTyIVnUYNfDc2ZG6cQHcH8xoqk
0K6vwfhIhEaZfhCjXM97w+C212h+WpSgfLMjKegGfgHvxt+0WRhL2hcxvD4Dg5dVuR+5qxI03Nax
ADfXc783+q3V7U+z2V8chiOy+xl8RAFvt9ufOmPo/g==
===END CRASH DUMP===
