Altay Crash Dump Thu Aug 9 14:14:32 CEST 2018

Error: Allowed memory size of 524288000 bytes exhausted (tried to allocate 4096 bytes)
File: src/pocketmine/level/Level
Line: 1387
Type: E_ERROR

Code:

Backtrace:

Altay version: 3.0.7+dev [Protocol 274]
Git commit: 0000000000000000000000000000000000000000
uname -a: Windows NT WIN-VCQUKKDO8FH 6.3 build 9600 (Windows Server 2012 R2 Datacenter Edition) AMD64
PHP Version: 7.2.8
Zend version: 3.2.0
OS : WINNT, win

Loaded plugins:
ClearLaggPE 2.0.0 by VMPE Development Team for API(s) 3.0.0, 4.0.0
EnchantWings 1.3 by FBTEAM for API(s) 3.0.4
WaterWings 1.3 by RushToEasy for API(s) 3.1.2
AntiSpamPro 1.4.1 by awzaw for API(s) 3.0.0
AutoInv 0.0.9 by JackNoordhuis for API(s) 3.0.0
BasicCommandUI 2 by DeadOnBushPH for API(s) 3.0.0-ALPHA12, 3.0.0
BlazinFly 1.8.6 by iiFlamiinBlaze for API(s) 3.0.0
BlockCMD 1.0.0-beta by kenygamer for API(s) 3.0.0
Broadcaster 1.5 by EvolSoft for API(s) 3.0.0
Cameraman 1.1.1 by ChalkPE for API(s) 3.0.0
ColorfulArmor 2.0 by Enes5519 for API(s) 3.0.0
CombinedSlots 2.0.0 by KhoaGamingPro for API(s) 3.0.0
CustomAlerts 2.0 by EvolSoft for API(s) 3.0.0
CustomBar 1.4 by SuperKali for API(s) 3.0.0
DEVirion 1.2.6 by poggit, SOFe for API(s) 3.0.0
DevTools 1.13.0 by PocketMine Team for API(s) 3.0.0, 4.0.0
DonatorUI 2 by Hytlenz for API(s) 3.0.0, 3.1.0, 3.0.7, 4.0.0
EconomyAPI 5.7.2 by onebone for API(s) 3.0.0
FormAPI 1.2.0 by jojoe77777 for API(s) 3.0.0, 4.0.0
ItemCase 1.2.2 by aliuly for API(s) 3.0.0
ItemCloud 1.3.1 by onebone for API(s) 3.0.0
Jail 1.3.1 by hoyinm14mc for API(s) 3.0.0, 4.0.0
KillMoney 1.0.0-beta by kenygamer for API(s) 3.0.0
MagicWE2 5.7.2 by XenialDan for API(s) 3.0.0, 4.0.0
MineLevel 0.1 by KingofPro and Minh1999 for API(s) 3.1.2
MSpawns 2.2 by EvolSoft for API(s) 3.0.0
MysteryCrate 6.2.0 by JackMD, DaPigGuy for API(s) 3.0.0
NapThe 2.2 by  for API(s) 3.1.2
noVoid 1 by KhoaGamingPro for API(s) 3.0.0
BlockPets 1.1.2 by BlockHorizons for API(s) 3.0.0-ALPHA12, 3.0.0
PiggyCustomEnchants 1.2.0 by DaPigGuy for API(s) 3.0.0
PlayerHead 1 by Enes5519 for API(s) 3.0.0
PortalWings 1.3 by RushToEasy for API(s) 3.0.4
ProfileUI 4.2.1 by Infernus101 for API(s) 3.0.0
PurePerms 1.4.2 by 64FF00 & ProjectInfinity for API(s) 3.0.0
RandomBlock 2.1.1 by KhoaGamingPro - Editor for API(s) 3.0.0, 4.0.0
RestartMe 2.0.0 by Gamecrafter for API(s) 3.0.0, 4.0.0
SBUI 1.1 by KhoaGamingPro for API(s) 3.0.0, 4.0.0
PHP-Sell 1.2.7 by Muqsit for API(s) 3.0.0-ALPHA9, 3.0.0-ALPHA10, 3.0.0-ALPHA11, 3.0.0-ALPHA12, 3.0.0
SellUI 1 by DeadOnBushPH for API(s) 3.0.0
ShopMenu 1.1 by Array for API(s) 3.0.0, 4.0.0
SizePlayer 1.0.3 by  for API(s) 3.0.0
Slapper 1.4.0 by jojoe77777 for API(s) 3.0.0
SlapperRotation 1.2.1 by jojoe77777 for API(s) 3.0.0, 4.0.0
ToolRepair 1.0.2-3.0.0 by ArceusMatt for API(s) 3.0.0
TopVoter 3.0.0 by SalmonDE for API(s) 3.0.0
VIPD_ARO 1.0.0 by MyL Team for API(s) 3.0.0
VoteReward 3.1.0 by Array for API(s) 3.0.0
WorldProtect 2.3.7 by aliuly for API(s) 3.0.0
Worlds 2.0.3 by survanetwork for API(s) 3.0.0
AdvancedKits 5.2.3 by luca28pet for API(s) 3.0.0
FactionsPro 1.3.11-11 by Tethered_ for API(s) 3.0.0
GrabBag 2.4.3 by aliuly for API(s) 3.0.0
PureChat 1.4.11 by 64FF00 for API(s) 3.0.0
RankUp 0.4.1 by Falkirks for API(s) 3.0.0
SimpleWarp 4.0.1 by Falkirks for API(s) 3.0.0
SkyBlock 1 by KhoaGamingPro for API(s) 3.0.0

----------------------REPORT THE DATA BELOW THIS LINE-----------------------

===BEGIN CRASH DUMP===
eNq9Wm1v4roS/isRH67O0W1563ulqyta6LanpeUC2660PlqZYMBLEuc4Dhx6tP/9jvNqmy4Emm6l
XZJJMn4ez9gzHvufiqAuqVw2To6Ozhun52fNgwrhnPHK5T8VsfLhUaXzrdPvP/UrBxWXBAGeSlnL
cdiSjC2XuIyvrIC+EotNrJPmcfP8vF6vW6OVIIFF/p7hMBDw4m+CU/gRzMLwqY0FsY7rF6fxe7+D
7gl1pOKA2zWf2XMiXOqRmkMWxKk9yP/hHQdEgPXo/OzHQcV3win1KpcT7ATkoGKzMTz7+udBRXBs
J5dT4hGOHUnGw24MXOAVqFoQHlAGn1eOqvXq2b/HZAHSUUidceWyDto5E8xm8Gnz7Piggn2avgqv
TamAu3rBP/iA47lDR/KbaqNZlZIwwfNCvTFbBtbj0Hq5ezx8vv7f5/v79tP5za11Wj2yIkDWxSn0
6G/pqwPCAb3VrDeaVr9ptbEAvp4AUWdMBZD63Wp126fH0Io/86GNs2qzeg53r8QbRyxiCPDwGwsk
hrvHxyEIopsl9GnWu4HsuWuHYP6Ap9NeR+lIVap2J+iOtONQzBgHBV8rz91ex2pLGzLfBaTWkGC3
8mfSq1+jbpWfHEe/ICceHjkEsAoegmnHxAfkQWzSgE1EWxW4WHpBjgehB4bHhEt/gQt41HsaDF+e
+g9tEC3JKKBCEnhkwgpmDPhOrXFIpGsGxJlYoGduUW/CuItlb1Zld3Q8e4Y9ASaYBkonaGK1FxrV
I70Pbq6GnVbXIH28L9mkXYS68n4LUYn/BQYcN9Erwo3Y+2EwG7IODlYa/ka1uS/+qOXi6FueoAMf
uz3O1KGsSHX8x9WGzgAvX/FyzeP2BB8pQwj6nwbQPMwUCOlYthMKBbvzFiqZRKISAYzVC53IH9ie
PzLGx7OQBmUR+g5KvVQpEAMo1FsAqQzTVkJXOKD2NXNd7I0/3ym8jAfaTKFTaxM8fvKuwNd6tyaz
w9ZD77bVkF+8i6mOprgDXjn4lXo3zkpllsl05zuvnurEKL1xsEupJ78gZRlN14pQBke5LEYNou11
t60xS0Q6MWmHERFYZzcn3moK3/GyiKWtSx4Zju00OLxhY8g1uMpEkepkTnQWnQVzBgCoNBJ5w8BD
Q5FQGQxb/eHnnkZkJoQfXNZqy+WySgCR1F4Vc8nvWnYxBr9VQ3Am07k1zOnveoadOcTpksjZUh1C
dto8QiqSjaaSDIFgpKEK2aVkxhzGJ6HT4i5TbafLjRTDsJ5HgpOTxsVGgkmeWDC+xgqBZIICSxRA
1AC11S9hshlB1joeOEwEGjtVviWBup8x/AkGuzeV8aUkK85B6TRSGkUwE9AGN414QVrP3JZDuE5L
FW+2WckjTm0Z2Og49hxzkZIrzNcISpmRcujsBqFP+D12aLn0oN3iQavdeaY8wpehz0Q6+KYZsnw2
lWucg8rg6aa0iBUrRWgRQUAIllzJlQJri9vBKmLIwEgqp1RkTIJHpsf1omVlF5z8QxYgKQ6gkyMq
4HjQJ7NwVLWZW8sR1jIdkjTzsGBcy6ty2YaU6nYlHOK9vsFUZu/1JJs6ey/zpBkgroDa6p4dm3nM
XbV6Ki1FqPI6qcIaVufGPDKCf2U5Z6IOIRIjAJ0IaWi2ErqBFaPOJpWYo81wzO/sOyNn8q9sn8w1
I5SAyS6KULoTxL3GAVE4ZSKTlGEfmPtCZ1XamivShhBAcyGTgjeKz4MRYoeFY5NFJDNWvmbq9FFu
FhGRAGIe1w4OgoLJU6Kj6pJaUqWp/Te++E+mVfL+A1O18hXdbmE7YyvquY1j1y7bE3PNCH0HJAgl
eLaa7546Thf4qmuvXPZxSxR1LtpALIOCkIpqK60unlL7pdNUWGWiLVPfF+JR7LQh2y7ZSH9Hiscy
o0+xrFfTfhaaZdiKC7UKo0ym1zUMt7uHJJRNILe1YF1uwUezxsXFRVnFpgxE8SmjO/Dx0lOzjFSi
57TNj81pk0YBd9b6fplsdyUXn6trjoU6l2tildnpepCSladoKd7GPTr9FJY2tceKgaMCppil3sig
YmU1jRjwf8T+cKYyTwSbrFmS93nYF7MdopXHnhlVQ1Ui0Ca6X7A81JQiFKPYpWIGuWyPaIvDXGbW
K4xxFL14yzh9ZV7wYbVAtZGk2CTBFd0/kCxhJExX8dIsKcmrfN96uiUVLHtwvQGhuA17Dl4Rfkuw
6o6KcINLFqrI7LThkRZk8vbV60J0GBfYMTdBVOk+uyDv2MWJm97BHpzJXVJtHZjLVPDH4FmGRe68
CeFeGDTqjbKMoqjcgUTISY9wV7NBJjP3cYyJ4fT45qZet/5lAe3vxBaAgHpUlDZcvsUNgGeliJTL
PcJR9G2So+d6oBf6kOgwN5pzlH5QpXpoWivpatOzdRht/TJedkKoAPpEICv8FO2nR8nCVkP3SSAw
F1017OayLRVPoEZsjieClM6JxxhciMkqnN0qNY9kFDr4AY+CWqbksNeVvAdX2gCNbo14t0v4fidb
2fwOg/O2dzggjprCZyIzcp3pLLrhX6Do7WB9kcbqJHbXjfuGcf/u2C4B34LvFmcuv9DtFgs2xLhN
G5bvAb6LwQYz5neJF6rAU9Emp1Mi9IHpgCV7YB66U2T5VSGK9JXEgV4lmQvNCsDRT7P499hFtvcg
2wPw2XUh+A72fR17IjFjXfGq4J4kgrjhvRdXOaJayiEn2GciOi6zTjR7Ys4gjV9VBjWAFB9esgTf
Jz6mqv0Uoel7zcOj9VjW4jYJgy4WpdUFcgR72xJHoFwJKuLpPzN96zwTmWflDHYD7LjMa5e2uZzq
QyhFkF8VMdnzXa/9rdV/UqhkorVioRHCVg9v7wztSWVBfYTcgq4mCfbJEnN1saUIdTM0DOxfKw/t
L9un8j2JgG6EcizFnQ58biENF31WdW1fVq2j82iMO2OAKCCJV0+kqWI9RTwyE46P2WBYSgR+jMDk
WTA37IaUTyhxxspB1sO0Ui84ITU3OgtS09imnRKY3bF+OsBYmAYhX2CPCIA+Ly1USJ1Jb8AaKAOy
6zSjYqslWuT5tzFIbTK+p1rBRBPrRfCmydoJbdw898k7J1Vt7fl2wSbdL8t7R8W59wycEahptOVG
IrZlmAr0446qdG0bp3HYMKLpkIgZDLzxtxL653qG5XBUDznmnaHgQii5KRpfP3E8usJThWUq0X3+
2LR+GYMfkAdiyLEXTOJVpjEVTAHKCE/3NnA+D6SkkvJH1J169SPpYeMQa+Ot6sdum1i5e7/FX/Wo
L2RBWRj0OoepvPKTwogEm1+VUBaJ1MRVkflnXy+ISIG+ebR2uvcGO3PK5+88D6ufPUiOYiS7eVov
pnUEwBZCgM8wFljJuL5DXjD3tZVMJtQrePUPoql5vUzf2VK57QQBgWGOnSA+L5iQnSRtIxREeCGe
+3IlpGDfTn++MgtemejX7G783MTKntuq5zAZ+qPfbdueP378H2XKV1Y=
===END CRASH DUMP===
