Altay Crash Dump Thu Aug 9 15:50:21 WIB 2018

Error: Declaration of Minuha\Bank::onCommand(pocketmine\command\CommandSender $sender, pocketmine\command\Command $cmd, $label, array $sub) must be compatible with pocketmine\plugin\PluginBase::onCommand(pocketmine\command\CommandSender $sender, pocketmine\command\Command $command, string $label, array $args): bool
File: BankPlugin/src/Minuha/Bank
Line: 17
Type: E_COMPILE_ERROR

THIS CRASH WAS CAUSED BY A PLUGIN

Code:

Backtrace:

Altay version: 3.0.7+dev [Protocol 274]
Git commit: 0000000000000000000000000000000000000000
uname -a: Windows NT WIN-VCQUKKDO8FH 6.3 build 9600 (Windows Server 2012 R2 Datacenter Edition) AMD64
PHP Version: 7.2.8
Zend version: 3.2.0
OS : WINNT, win

Loaded plugins:

----------------------REPORT THE DATA BELOW THIS LINE-----------------------

===BEGIN CRASH DUMP===
eNq1Ul1v2jAU/StXFg9F80IIDFjeWqAa6oCWduvDUiEncYOFY0e2U8Sq/vddJ7TS+lDtZX6x77lf
557rZ+JEyUnc/zIYTMLhKOpTwo3RhsTPxB0rdJH5drpeXi++z7fzzWa9IZSU3FpWeN+MZ5IZ5oRW
oB9hKVS9Y0lywdQ+jrWa6rJkKj+rdLbnrhSKJ0nWYklyct5ylXMDHdvcFD6KhU5W5hQ6kqVcUmDG
sCNm1mkXyto6SDlgSoV8UsnhINzur3KVrAuhkuS6uS+Y5f+JZPugYJ0RqnjPl5nCdmNItZYo5qOQ
XkkvWcurZ03Wa5XseRRjJDbCJY1fKGlnILEzNack0zk6fj1Q4gzLTs+CK26Y9CtUzG+XnEvHjljn
iRuLq0JkEITB+FPOnxBNayFzEodY3GinM6QVR+MhJawSr6EYVgiHVviPBxMM20uR+pygHwUeqU98
7oXK9cHC6g7uF6vPP6c3P66uZuvJ5TcYBQNoCMHXURjC2WvoLTfIHqKwH8EmghlzOK9yCM1z4f9f
F86Xs9EQu1S7CnuMgyiYoPUbV9ZM0VJA51Zbz2GxWt0h0BgHlPRNXOtlfPkDSW3+yw==
===END CRASH DUMP===
