GenisysPro Crash Dump Sun Dec 3 15:32:42 ICT 2017

Error: Allowed memory size of 1073741824 bytes exhausted (tried to allocate 4096 bytes)
File: /src/pocketmine/item/Item
Line: 384
Type: E_ERROR

Code:
[375] 	 *
[376] 	 * @return Item
[377] 	 */
[378] 	public static function get(int $id, int $meta = 0, int $count = 1, string $tags = "") : Item{
[379] 		try{
[380] 			$class = self::$list[$id];
[381] 			if($class === null){
[382] 				return (new Item($id, $meta, $count))->setCompoundTag($tags);
[383] 			}elseif($id < 256){
[384] 				return (new ItemBlock(new $class($meta), $meta, $count))->setCompoundTag($tags);
[385] 			}else{
[386] 				return (new $class($meta, $count))->setCompoundTag($tags);
[387] 			}
[388] 		}catch(\RuntimeException $e){
[389] 			return (new Item($id, $meta, $count))->setCompoundTag($tags);
[390] 		}
[391] 	}
[392] 
[393] 	/**
[394] 	 * @param string $str

Backtrace:
#0 (): pocketmine\Server->crashDump(boolean)

GenisysPro version: 0000000000000000000000000000000000000000 [Protocol 113; API 3.0.1]
uname -a: Windows NT DESKTOP-8N8R977 10.0 build 15063 (Windows 10) AMD64
PHP version: 7.0.17
Zend version: 3.0.0
OS : WINNT, win

Server uptime: 16 hours 35 minutes 16 seconds
Number of loaded worlds: 19
Players online: 10/30

Loaded plugins:
AntiServerStop 1.1 by paetti for API(s) 1.0.0, 2.0.0, 3.0.0, 3.0.1, 3.1.0, 3.0.0-ALPHA1, 4.0.0, 5.0.0
AntiVoid 1.0.0 by KairusDarkSeeker for API(s) 2.0.0
Broadcaster 1.16 by EvolSoft for API(s) 1.12.0
BuyFly_MCPE14 1 by MCPE14 - LYT for API(s) 2.0.0, 3.0.0, 3.0.0-ALPHA6
Cameraman 1.1 by ChalkPE for API(s) 1.12.0, 1.13.0, 2.0.0
SClearLagg 1 by Sergey_Dertan for API(s) 1.8.0
CoreProtect 0.1.5 by ImagicalGamer for API(s) 1.0.0, 2.0.0, 3.0.0
CustomAlerts 1.6 by EvolSoft for API(s) 3.0.0-ALPHA5, 3.0.0-ALPHA7
EconomyAPI 2.0.9 by onebone for API(s) 1.0.0, 1.1.0, 1.2.0, 1.2.1, 1.3.0, 1.3.1, 1.4.0, 1.4.1
EconomyAuction 2.0.2 by onebone for API(s) 1.0.0, 1.1.0, 1.2.0, 1.2.1, 1.3.0, 1.3.1, 1.4.0, 1.4.1
EconomyJob 2.0.4 by onebone for API(s) 2.0.0, 2.1.0, 3.0.0, 3.0.0-ALPHA6
EconomyLand 2.0.9 by onebone - LYT for API(s) 2.0.0, 3.0.0, 3.0.0-ALPHA6
EconomyPShop 2.0.2 by onebone for API(s) 1.12.0
EconomySell 2.0.7 by onebone for API(s) 1.12.0
EconomyShop 2.0.7 by onebone for API(s) 1.12.0
EconomyUsury 1.0.1 by onebone for API(s) 1.12.0
EssentialsPE 2.0.0 by LegendsOfMCPE Team for API(s) 2.1.0, 2.0.0
FactionsPro 1.3.9 by Tethered_ for API(s) 2.0.0, 3.0.0-ALPHA1, 3.0.0-ALPHA2, 3.0.0-ALPHA3, 3.0.0-ALPHA4, 3.0.0-ALPHA5
FrameKeeper 1.1 by KhoaGamingPro for API(s) 3.0.0, 3.0.1, 3.0.0-ALPHA1, 3.0.0-ALPHA2, 3.0.0-ALPHA3, 3.0.0-ALPHA3, 3.0.0-ALPHA4, 3.0.0-ALPHA5, 3.0.0-ALPHA6
HealthBar 1.0.1 by LegendOfMCPE for API(s) 2.0.0, 3.0.1, 3.0.0-ALPHA1, 3.0.0-ALPHA2, 3.0.0-ALPHA3, 3.0.0-ALPHA4, 3.0.0-ALPHA5, 3.0.0-ALPHA6
iProtector 3.1b by LDX for API(s) 1.9.0, 2.0.0
ItemCloud 1.3 by onebone for API(s) 1.4.0
JoinTitle 1 by Kotov EditBy ThaiEdit for API(s) 3.0.0
KillChat 1.0.2.MOD by Array for API(s) 1.9.0, 2.0.0
MagicWE 0.3.0 by XenialDan for API(s) 2.0.0, 3.0.0
ManyWorlds 2.2.0dev1 by aliuly for API(s) 2.0.0
MapImageEngine 1.0.10 by FaigerSYS for API(s) 3.0.0-ALPHA1, 3.0.0-ALPHA2, 3.0.0-ALPHA3, 3.0.0-ALPHA4, 3.0.0-ALPHA5, 3.0.0-ALPHA6, 3.0.0-ALPHA7, 3.0.0-ALPHA8
MIE_Converter 1.0.1 by FaigerSYS for API(s) 2.0.0, 3.0.0, 3.0.0-ALPHA1, 3.0.0-ALPHA2, 3.0.0-ALPHA3, 3.0.0-ALPHA4, 3.0.0-ALPHA5, 3.0.0-ALPHA6, 3.0.0-ALPHA7
MIE_Protector 1.0.2 by FaigerSYS for API(s) 2.0.0, 3.0.0, 3.0.0-ALPHA1, 3.0.0-ALPHA2, 3.0.0-ALPHA3, 3.0.0-ALPHA4, 3.0.0-ALPHA5, 3.0.0-ALPHA6, 3.0.0-ALPHA7
MSpawns 1.5 by EvolSoft for API(s) 2.0.0, 3.0.0-ALPHA1, 3.0.0-ALPHA2, 3.0.0-ALPHA3, 3.0.0-ALPHA4
muamau 1 by MCPEVN-Team for API(s) 3.0.0
NapThe 4 by  for API(s) 3.0.0
NoDrops 1.1 by SavionLegendZzz, thebigsmileXD for API(s) 1.12.0
OreInstantDrop 1.0 by ScandiePlay for API(s) 1.12.0
ParticlesPlus 0.0.2 by ImagicalGamer for API(s) 1.0.0, 2.0.0, 3.0.0
Fireworks_JJBH 1.0 by Jaciel by Jaciel14 for API(s) 1.12.0
PlayerProfile-DP 1 by KYUMA for API(s) 5.0.0, 4.0.0, 3.0.0, 2.0.0, 1.0.0
PlayerSize 1 by SoiCon for API(s) 3.0.0-ALPHA7
PocketGuard 2.2 by MinecrafterJPN, KhoaGamingPro for API(s) 3.0.0, 3.0.0-ALPHA6
PurePerms 1.3.7 by 64FF00 & ProjectInfinity for API(s) 1.13.0, 2.0.0
RankPoints 1.5.2 by JD for API(s) 3.0.0-ALPHA5, 3.0.0-ALPHA6
RealTime 2.1.1 by Guillaume351 for API(s) 2.0.0, 3.0.0-ALPHA5
REDNoBreak 0.1 by Adam1609 for API(s) 2.0.0
SAC 3.2.5 by DarkWav for API(s) 3.0.0-ALPHA1, 3.0.0-ALPHA2, 3.0.0-ALPHA3, 3.0.0-ALPHA4, 3.0.0-ALPHA5, 3.0.0-ALPHA6, 3.0.0-ALPHA7, 3.0.0-ALPHA8, 3.0.0-ALPHA9, 3.0.0-ALPHA10, 3.0.0
SETVIP 2.3 by MCPEVN TEAM for API(s) 3.0.0
SignEnchant 1.1.1 by FRONGKY for API(s) 1.0.0, 1.1.0, 1.2.0, 1.2.1, 3.0.0-ALPHA6, 3.0.0-ALPHA5, 3.0.0-ALPHA4, 2.0.0
SimpleAuth 1.7.2 by PocketMine Team, shoghicp for API(s) 2.0.0
SimpleRules 1.2 by KhoaGamingPro for API(s) 3.0.0, 3.0.0-ALPHA1, 3.0.0-ALPHA2, 3.0.0-ALPHA3, 3.0.0-ALPHA4
Slapper 1.3.5 by jojoe77777 for API(s) 3.0.0-ALPHA5, 3.0.0-ALPHA6
superBAR 1.6.2 by FaigerSYS, KhoaGamingPro for API(s) 2.0.0, 3.0.0, 3.0.0-ALPHA6
TimeCapsule 1.1.1 by Falk for API(s) 1.0.0
TopVoter 2.1.1 by SalmonDE for API(s) 2.0.0, 3.0.0, 3.0.0-ALPHA1, 3.0.0-ALPHA2, 3.0.0-ALPHA3, 3.0.0-ALPHA4, 3.0.0-ALPHA5
Trade 1 by Minuha for API(s) 2.0.0, 3.0.0
VoteReward 1 by KhoaGaming123 for API(s) 2.0.0, 3.0.0
WorldLoader 1 by KhoaGamingPro for API(s) 3.0.0, 3.0.0-ALPHA6
WorldProtect 2.3.5 by aliuly for API(s) 2.0.0, 3.0.0-ALPHA1, 3.0.0-ALPHA2, 3.0.0-ALPHA3, 3.0.0-ALPHA4, 3.0.0-ALPHA5
CombinedSlots 0.1.0 by jasonwynn10 for API(s) 3.0.0-ALPHA7, 3.0.0-ALPHA8, 3.0.0-ALPHA9
DangnhapOP 1 by KhoaGamingPro for API(s) 3.0.0, 3.0.0-ALPHA5, 3.0.0-ALPHA6
MobsAI 0.2.1 by An0ther, KhoaGamingPro for API(s) 3.0.0, 3.0.0-ALPHA5, 3.0.0-ALPHA6
EconomyAirport 2.0.4 by onebone for API(s) 1.12.0
SimpleAuthHelper 2.0.4 by aliuly for API(s) 2.0.0, 3.0.0-ALPHA7
GrabBag 2.3.0 by aliuly for API(s) 1.10.0, 1.11.0, 1.12.0
PureChat 1.4.0 by 64FF00 for API(s) 3.0.0-ALPHA5, 3.0.0-ALPHA6, 3.0.0-ALPHA7
SimpleWarp 3.3.4 by Falkirks for API(s) 2.0.0, 3.0.0-ALPHA1, 3.0.0-ALPHA2, 3.0.0-ALPHA3, 3.0.0-ALPHA4, 3.0.0-ALPHA5
SkyBlock 2 by no name (edit by hugoDZgamer) for API(s) 3.0.1
