Altay Crash Dump Fri Jul 20 07:28:06 WIB 2018

Error: touch(): Unable to create file C:\Users\Visitor\Desktop\PMMP\worlds/murder1/region/r.0.0.mca because No such file or directory
File: src/pocketmine/level/format/io/region/RegionLoader
Line: 67
Type: ErrorException

Code:

Backtrace:
#0 (): pocketmine\utils\Utils::errorExceptionHandler(integer 2, string touch(): Unable to create file C:\Users\Visitor\Desktop\PMMP\worlds/murder1/region/r.0.0.mca because No such file or directory, string phar://C:/Users/Visitor/Desktop/PMMP/PocketMine-MP.phar/src/pocketmine/level/format/io/region/RegionLoader.php, integer 67, array Array())
#1 src/pocketmine/level/format/io/region/RegionLoader(67): touch(string C:\Users\Visitor\Desktop\PMMP\worlds/murder1/region/r.0.0.mca)
#2 src/pocketmine/level/format/io/region/McRegion(325): pocketmine\level\format\io\region\RegionLoader->open()
#3 src/pocketmine/level/format/io/region/McRegion(371): pocketmine\level\format\io\region\McRegion->loadRegion(integer 0, integer 0)
#4 src/pocketmine/level/format/io/BaseLevelProvider(163): pocketmine\level\format\io\region\McRegion->writeChunk(pocketmine\level\format\Chunk object)
#5 src/pocketmine/level/Level(1083): pocketmine\level\format\io\BaseLevelProvider->saveChunk(pocketmine\level\format\Chunk object)
#6 src/pocketmine/level/Level(1072): pocketmine\level\Level->saveChunks()
#7 src/pocketmine/Server(2468): pocketmine\level\Level->save(boolean )
#8 src/pocketmine/Server(2600): pocketmine\Server->doAutoSave()
#9 src/pocketmine/Server(2326): pocketmine\Server->tick()
#10 src/pocketmine/Server(2239): pocketmine\Server->tickProcessor()
#11 src/pocketmine/Server(1803): pocketmine\Server->start()
#12 src/pocketmine/PocketMine(241): pocketmine\Server->__construct(BaseClassLoader object, pocketmine\utils\MainLogger object, string C:\Users\Visitor\Desktop\PMMP\, string C:\Users\Visitor\Desktop\PMMP\plugins\)
#13 C:/Users/Visitor/Desktop/PMMP/PocketMine-MP.phar(1): require_once(string phar://C:/Users/Visitor/Desktop/PMMP/PocketMine-MP.phar/src/pocketmine/PocketMine.php)

Altay version: 3.0.6+dev [Protocol 274]
Git commit: 0000000000000000000000000000000000000000
uname -a: Windows NT DESKTOP-7BLVAAK 10.0 build 17134 (Windows 10) AMD64
PHP Version: 7.2.5
Zend version: 3.2.0
OS : WINNT, win

Loaded plugins:
MagicWE2 5.7.2 by XenialDan for API(s) 3.0.0
MurderMysteryPE 0.1.0 by TurtleTeam, corytortoise, jasonwynn10, xBeastMode, Chris-Prime for API(s) 3.0.0, 3.0.1, 3.0.2, 3.1.0, 4.0.0
BanItem 2.3.3 by LDX for API(s) 3.0.0
BlockCMD 1.0.0-beta by kenygamer for API(s) 3.0.0-ALPHA10, 3.0.0-ALPHA11
Broadcaster 1.5 by EvolSoft for API(s) 3.0.0
CustomAlerts 2.0 by EvolSoft for API(s) 3.0.0
DevTools 1.13.0 by PocketMine Team for API(s) 3.0.0, 4.0.0
EconomyAPI 5.7.2 by onebone for API(s) 3.0.0
EconomyAuction 2.0.2 by onebone for API(s) 2.0.0, 3.0.0, 3.0.0-ALPHA1, 3.0.0-ALPHA2, 3.0.0-ALPHA3, 3.0.0-ALPHA4, 3.0.0-ALPHA5, 3.0.0-ALPHA6, 3.0.0-ALPHA7, 3.0.0-ALPHA8, 3.0.0-ALPHA9, 3.0.0-ALPHA10, 3.0.0-ALPHA11, 3.0.0-ALPHA12, 3.0.0-ALPHA13, 3.0.0-ALPHA14, 3.0.0-ALPHA15
EconomyCasino 2.0.2 by onebone for API(s) 3.0.0-ALPHA7, 3.0.0-ALPHA8, 3.0.0-ALPHA9, 3.0.0-ALPHA10, 3.0.0-ALPHA11, 3.0.0-ALPHA12, 3.0.0-ALPHA13, 3.0.0-ALPHA14, 3.0.0-ALPHA15
EconomyJob 2.0.4 by onebone for API(s) 3.0.0-ALPHA7, 3.0.0-ALPHA8, 3.0.0-ALPHA9, 3.0.0-ALPHA10, 3.0.0-ALPHA11, 3.0.0-ALPHA12, 3.0.0-ALPHA13, 3.0.0-ALPHA14, 3.0.0-ALPHA15
EconomyPShop 2.0.2 by onebone for API(s) 3.0.0-ALPHA7, 3.0.0-ALPHA8, 3.0.0-ALPHA9, 3.0.0-ALPHA10, 3.0.0-ALPHA11, 3.0.0-ALPHA12, 3.0.0-ALPHA13, 3.0.0-ALPHA14, 3.0.0-ALPHA15
EconomySell 2.0.7 by onebone for API(s) 3.0.0-ALPHA7, 3.0.0-ALPHA8, 3.0.0-ALPHA9, 3.0.0-ALPHA10, 3.0.0-ALPHA11, 3.0.0-ALPHA12, 3.0.0-ALPHA13, 3.0.0-ALPHA14, 3.0.0-ALPHA15
EconomyShop 2.0.7 by onebone for API(s) 3.0.0-ALPHA7, 3.0.0-ALPHA8, 3.0.0-ALPHA9, 3.0.0-ALPHA10, 3.0.0-ALPHA11, 3.0.0-ALPHA12, 3.0.0-ALPHA13, 3.0.0-ALPHA14, 3.0.0-ALPHA15
EconomyUsury 1.0.1 by onebone for API(s) 3.0.0-ALPHA7, 3.0.0-ALPHA8, 3.0.0-ALPHA9, 3.0.0-ALPHA10, 3.0.0-ALPHA11, 3.0.0-ALPHA12, 3.0.0-ALPHA13, 3.0.0-ALPHA14, 3.0.0-ALPHA15
essentialsTP 1.2.1 by  for API(s) 3.0.0
ItemCloud 1.3.1 by onebone for API(s) 3.0.0
MSpawns 2.2 by EvolSoft for API(s) 3.0.0
PurePerms 1.4.2 by 64FF00 & ProjectInfinity for API(s) 3.0.0
RealTime 1.0.0 by killer549 for API(s) 3.0.0
Slapper 1.4.0 by jojoe77777 for API(s) 3.0.0
StairSeatDown 1.0.0 by gamesukimanIRS, maru(このプラグインの型の製作者), DusKong(パケット関連サンプルコードを頂きました) for API(s) 3.0.0-ALPHA9
WorldBackup 1.0 by Jhelom for API(s) 3.0.0-ALPHA12, 3.0.0
WorldProtect 2.3.7 by aliuly for API(s) 3.0.0
Worlds 2.0.3 by survanetwork for API(s) 3.0.0
EconomyAirport 2.0.4 by onebone for API(s) 3.0.0-ALPHA7, 3.0.0-ALPHA8, 3.0.0-ALPHA9, 3.0.0-ALPHA10, 3.0.0-ALPHA11, 3.0.0-ALPHA12, 3.0.0-ALPHA13, 3.0.0-ALPHA14, 3.0.0-ALPHA15
FactionsProBeta 1.4.6 by Tethered_, HostingItAll.com for API(s) 3.0.0
GrabBag 2.4.3 by aliuly for API(s) 3.0.0
PureChat 1.4.11 by 64FF00 for API(s) 3.0.0

----------------------REPORT THE DATA BELOW THIS LINE-----------------------

===BEGIN CRASH DUMP===
eNrtWgtv2zgS/iuCFjg4ONt6+BkD14Njp9ts49aInW2B1SKgZdpWIos+korrW/S/35B6UXISP+I9
3G2TopI4Ime++YYajij/oXNvifWO1ajZZr1ZbzfLuo8Yv6SUUL3zh843K7ity/blNxevuEcCvawv
MWNoLm5xErqL0llHuw3QxMcaJ5pLMeJYm3nQ7HUc55ZhyhznV495nFDH6WP2wMnKcYaDwdBx1oT6
U2YsQzrF1DIonoMNg1ZN+Ld0kTbBLgoZ1j4RjYGtSC+h2tSj2AWFG8AzC33/PcgB0GqBaMcweh1D
2jVis0Zs1RBGjSFxHzAfeAGuDIZVMcRg1DVWUrwEseHjR+wbM0KXiBseSWDdyNM1QYAVxq2E7cju
4eNhrA9d9U6zVdY5RS5c/qb/ZGqCzkyV44Tc84HAW3HqdHAuGB9QMPUxLXkBx3NMNbusMU69YK79
D0QmxfLfDUpZS9gAZjVEKdpoXXEsnZ0B6T9Z2uF6S80WUBlxGjv1egYlGntPNAM3wlOq2Y3CBJEj
HCca4jgecZxokOOoPlTekRUOStJq7WCrLWt/q8moyjsfLMcakqCYWXxMiaW+C8sFYvhayIaUPHoi
GlazdgyaNfU47i3C4KH0wljZQSOTe5jFEmDjaYASUsky23tg2XKh8o6hxyOwNF/G0rKfxiLvKzZZ
NA1aRW0jTB+BX7vebO9UVJoQ4mMUaFJV+zlVTdMsqIruVN5NSTfkZCRUSRXnz6mo2c1nVHDPfYgG
W+Zzo+3a+QujISAuLGeExmqsZ9RYbbP2jBrGEeXx8K3HOUtrwKr1jIa7O5cEkFdCl5fEVOnBMsyi
pzYOfvmpJWGAPHi253Ol1/7J6ZC+Kz+cewF0iJysaYem8pLwnOJ/hbA23JHAxaXTLg1ZD7ECnOm/
fy/r+P+ujDlBKQF+R8HSOzPkM1zWXTIVlcXvb0XGW5HxVmS8FRlvRcZbkfFWZJykyCjrcxxginxR
ZQRI7KXoXZ8jsZgD5UyUGR29Bom4+fcpfgTpJPT8qd4xYZWmhBOXwFC7VS/raOUlXaHb3OPQMvf8
gwEUPfjeRIypWnZVSMIYzxcvmJI10z6Ntf7l6OP487DSurj+tdv9qFmwRGgSkWa1rFpdKyWdLfNM
6w76zTooEtscHb1VtasNaP0bB1MJNLICN+8IE2auPn0ag0A21lB+pIUIE+QM0Nxzv1zaClGpSOWq
UQVDIEEhXxDKRLHyFQce8vsoEHxLmn6TPJmijWXdAYhgWkOtM8Ww+ExZVO4wMuN9VbBEoizSv0mF
UySydowBUk5aSMEFdBqNuzfj2yEI1ngCs0UgFj4N5DI72DCO6WZ4qfpTuKO6BVGRdClujUPKfTzG
aKmLGo1uYEJy4jEMzXvESLDeBIElBn27wIjxgSjjynpvQT1WGVKxcVfkoyzPVny25TmyW38NXxlS
ICzvZEGQ0Tf8PBp/+Xxz3d8i8AIFVxwvFeISiUqYXa1Va3nCrvtfTzUDQJVYLaXZKMHtQr7gfMUg
hcCDuQgnVZcsDVBSGfSGl0aCXzjnQ4roDfqqd4lIdc8S6CsTzFHexwccbOYwjhY9rXSvhx+6VhLj
pG0dy0CCCmjI8O2OHYUeLhKxVj1UpHknG3nvLh+JPwJApwqjYhj8yKF44SlOQrler6sYEAntVf4g
/OuFjJNlF951OFMczInzs9T8cz1ULUOdlsdxnI99/DiGkkr1LxXlo2fViu5lC6AmE9d2AnpVoklw
iMogRbSHl8pDmSE0Uh3g9CVUPmS56Q6vFLcV4Y4liAR4Av9PFdVYnePgCAHodJwcmp1PYtIbajmJ
esup+EZhtu52zFZWkmK2yTftfLOWb9bzzUa+2cw3W/lmO988L8DYToL5dgGYVUBmFaBZjRfjqE6T
Q2IaBSCLaxqQfWPbQ8wLyHZoY/nBkf1r8+1KVlK6U5L2ZfsXMtmmWgiLPNd/bJ7vySQlOaJnX4aH
owVZbXMcif+qs/kAZldsId6FC7Tsy+4I+/42uVJa5Lb1Y89gBpykNMcE7c3yk1P4yRn8o7OsTuYD
5/ItC+FdcovmSFx8jbJ+bJ5DQUpKdELRTqYxYzjgHvLZeKgwnRPnmbYLTJ+oFlYtglN5+zvdEO/d
PZ+EU8WHTJZ3oLbnVHl1Pgd4S1cAiLYW5DbrPvsL8CYT66gusRFvnhn/jC7+kWqVu1CjFVoH6jtc
IsmnIfvPfT2NjYKfqfXjXkqHIcVDTJeqR5ksH8d60atm/f1709T+pg0pEfvTV8HMCzy+OZWXd5EB
x0kRKZdHbBzJsXF0Mz3Awg1G/lj+Ii8lIRVt7R4VNo4838e0UT8/ldOpQvGJC/nih4LiQ1+KZuej
OfLRapXbJ0okxXAWXLkn9wS3xN+pfGGR4aN3+jJERuKDcJAjj44w4n2yVt/A8/IdcRObfSx88JYo
uLoZid8kIBqWnLBmNmri2MTiOG2JIz4Xx4kpjqgujrO0T6PVniTX7fZs6oT1WcOFa9NsiM8p/ZB9
JMFcap5aUo88ulKD23bC8way4WjaUjJpZPpj61L/REpmrhwl8ZyLUW3TFtf1qTi2JOaGHNWYnT29
FJ8fG8wcvfuFVETri/hKfoHch1At4FRpIVL5OP2ywD5ZPrMrmxYCx/oUaXccBU7Rsz33v+6lJkNR
VInWj0r2HSulA/Ilh3xZ5CMRF/fjCxUt8r3QP1mSjbTFv2ZYRQiO5GAQenTmYX+qfLurJMsppxgb
S7lNbOS8TUhhRTq2tnyLHyag5npEAeYA/eFkKUvoTH7bEU+MY9YaFZsRa1G2Dz26IpQ/sX0Y33jb
/Mhv6kW0ZJt6KU078897JPf/GEy3C/HZJ6O8eKe4PDYL3w0xX2CKp3dl7QNh3AvmV7zr+yLar5t8
suDqLZBwpwtFOJR0S8CkZ3QoSB0nbuybf3+maHKB5orfiSQ/x+rFp+sUaQaQMz6mKGCz6NNaIenM
AcoEzY8uELKMkzgV17SSznxJGzOcj7FlPVXSHuS0Ui8/5X8aOTD0FT96JGTDy0oi15+pdgXY7OoE
ta5U8/379/8ATLZWEw==
===END CRASH DUMP===
