PocketMine-MP Crash Dump Thu Jul 19 11:33:30 WIB 2018

Error: Declaration of jasonwynn10\murder\commands\MurderMystery::getPlugin() must be compatible with pocketmine\command\PluginCommand::getPlugin(): pocketmine\plugin\Plugin
File: MurderMysteryPMMP-master/src/jasonwynn10/murder/commands/MurderMystery
Line: 45
Type: E_COMPILE_ERROR

THIS CRASH WAS CAUSED BY A PLUGIN

Code:
[36] 		return false;
[37] 	}
[38] 
[39] 	/**
[40] 	 * @return Main|\pocketmine\plugin\Plugin
[41] 	 */
[42] 	public function getPlugin() {
[43] 		return parent::getPlugin();
[44] 	}
[45] }
[46] 
[47] 
[48] 
[49] 
[50] 
[51] 
[52] 
[53] 
[54] 
[55] 

Backtrace:

PocketMine-MP version: 4.0.0+dev.1265 [Protocol 274]
Git commit: 1144620f2b1a52710be3f7ee4117ace392e3fc56
uname -a: Windows NT DESKTOP-7BLVAAK 10.0 build 17134 (Windows 10) AMD64
PHP Version: 7.2.5
Zend version: 3.2.0
OS : WINNT, win

Loaded plugins:
DevTools 1.13.0 by PocketMine Team for API(s) 3.0.0, 4.0.0

----------------------REPORT THE DATA BELOW THIS LINE-----------------------

===BEGIN CRASH DUMP===
eNrtfWt32ziy4F/BcfrsJD2SrJefuZ5zHVtONG3ZGklJuqc1y0NRkMQ2RXL48CP3zn/fegAkSFGy
0j17dj/cPh2ZRBWAQqFQVQAK4H8dJO5aHpy3jjqts5PuaatZO5BRFEQH5/91kLyEADroWVf3g2H/
tmf1RqP70UHtYC3j2F4i7Fo6nh3ZiRv4IliI3+w48J9efL/VnE7XaTSX0XTqBOu17c/j6XRAKYOX
OJHRy/n5UiZDL126/tt3Yp3GiZhJAcghFDfzpHhyk5UIA+dBJmvXl1lB0ynnuuLXQjnnhQwhpWp8
IHzhekh1gY7hYDCsr218Powj59BowyE34VC34LCQEcrzoJqD8+7Rv2oHXNfBeRKlsnbgBHOJLOwc
Q3XTZJpEMkkjXyxsL5bvIWfnhAD/wsdTeMS/Z5R0+OOP8NJt0ov4UfynyjqwXf+/oU272tdtqVyH
+NKmlzCdea4jFqnvUDeZXP8vROsUSQztSPpJgatIcLebEdw9gkd6gNb5qefB00n2dJo9nemno2b2
1Mqe2tlTJ3vqZk9H/ASMTSLbAV7++o/awVL6MrI9ZKxvo9geDIkbA+BGfTAEih5lFEMjAdJtNBvN
P8/lI6TOUtebg5C3j4+go6IgCZwASmmfdGsHduhqbMBcugm8tVrd7nG7uWjPWvZR+6TVnMnO4kTK
bqt1AsR0ztrw7hwdQ4bIfvDcGeRpNlptKiJVpH11/XnwFIu7ibjujX+a3A/rJx9uv1xe/iRaUJkg
okTrpNXpircaudV8Jy4H18ddKChchVDMSaPdOIK3b9KHJhx0GlwLAK0gxmr6d3cTSKCXJ5CCTBZj
5NO1fJwEgRcbPMuSTHa1Gq0OFWynySqIAP9Xg7liIu31wT8Ut34FKphdzDZIl74NQ3auxX8uQyA3
5l6Lg0VybSasbRwoGR3TqUGRF9jYzPHkcjT5jD36JGexmyDdqyQJ4/PDQ+ijVTprwKA8zCk8zMr4
FzIAdNJawiAttQOEpBGu7AhJjmUEzW+AOIQySlyJ/HszzN7EVeAv3KVAlTGNpv6bySoVf0090ToT
zdPzTue83RFf+x9Eu9k6RYR1kMwvpmmzaZ/YN6nvvwh+mX3woH7E4Brr2A0XjFEGhUGUXLTOWp02
Ji4BcQ2K5KJJ5dvP9dCzX6BRFx1KiUP7ya+jPEsa2hetY0x+WgG/6p4bJxfBYoEp3Dv1f6agtS4C
30iKHMimsGzfD0BJSFVL3XZWrnyUa9AGscple17wVF947nKVFc5U2L67Bt2m8DhtHcx0wiKIoOCs
QSor9MTcCaLsPXwMFf7cXSxcJ/WSl4sWsYJGfhJE9Vgmiesv4wtM9oA+jxkKIpGnxFLODQQ0ZBc3
t5cTTMImN0I7jp+CaH7xI/0HLUuToB7bj1IR8OjKp/oceGgDRy6og59nwXMdh4cmF4dhpo0bL2sP
JYj0NJgxFJ5UWUaUIQEsEJdeYr+ALInJSsZS6LYIULkiWUkR+CB4ycpOhIO9QRbR9R0vncs5PIgN
mcWyxsFaovFNNsuM7YWsiQAgUYxFilkk7QfxEqSRKku4CwFd4i5cqgF6IwJh8ojIO/mUFXc4lwsb
+iMWT4H/p0TYYSjtSCDb1tBIByTjBSlMVm7M7X1aSV+k4TKy51BAY+qjlHNh51NfwHiKJIgpJAEV
nu0vU3ApBBpOYpUaEbEL7zBKbM/9RszErFcr6ahWFDMCr7WWkH7jyX1wQzl37UYQLQ/x7fAWetQK
FlZ/fG8dd87qbQvzARuzgs7FFLTZcnqAFX1dSeSdSAKgx58LaKWIk4j4C3bJjz07Ab4RmLhJlAId
8CQT6lKwQK4jxQr8B486eQ0F83DIqyS3ANLjVZqAHYChwx4WEjPmkh0viOWcybrEYShwhAMlQml7
8eja4m84xAGFhnpdQc4FamXMOF5BPhulMw6AGlULd5WtChJpDEIIGhwEgVp3OewDJliFOfIpB9SB
rBkQlRffI6Wiy4EWCxzdAsQVJAJJnb0IJUeArlRQBs3Z8OarC4wOfBApez4XkYxZ8pBMkLUHIMeO
04hUkwB5m0nkBzBd/jO1PeyOpfsIuI+2l0rxVlUJmvodFM71geqTqG3r0JvLpYzOAYo136XrGXAb
htNl/OI7Ezt+AImPHmAANRD+GTqB5FM3ErFWUQCqE0QCsOMa4oNlVyoLRLZGXi20Am0tsQWMGqat
Ux9GDqJQ2WMSGWgPDK4oeAaFmkhgATSHRN3PSEOuMjn9BY5QRMGRWBNu8ifgXBJRrrlEw0BSWMor
3kILoJ9FGzlCbairVp5TSSXhJ70vIrBZ2ItzVKpBSNwnLyZuCDC/6lms0ToIJ7LjVc1UOEoakRtR
lIYJpzKzkClroIwbRZ0KUgYcglHHA8x+DNw50FxNAMoGSloAPAahauTiBbh1xtFyCqYUrBBMQLCu
j14wA5FBH0VwMoyrtZugLlvLpT17SYDVYsxMbhJb3RhLZh0GhD65xHISI4H2kcvRkhVT4xYukAcK
GCj3qagFaD9dIws2dFNKw3EZQA8FOOhRGqCeJRFZJ8LORXNKSpDsTAJK1J7/f04++ns7iEcv4A8R
HydBSPUrJZzRo0qLBSgLtPigPxU1WKcmqdVsd5kqGvJfaRwo4uI//XHyaCQQPagfhJNGOMGCgS2f
pZOSCg+YXh6CaJIzbPnsgC8T580hJXU/6Z2Lyaf+WNz2B/0JqOjhbb83FsPeSHy9H/3UG9UEIInJ
PWD1xNdP97c9MRzdX/XG40ZpxBd40T46ZlYMZeQG5HOgwo2xcQ5ZXcWJTKm2gOtgT+aoSAijDkpP
sjolWx340ERQwyBC2NRtEsaSBb6rR2Yc9Q2jTcmbwjJAxebqWo9l8eYe7QS6MYTe2ERGCVATFOiu
UDro7TBLkVbuT86bNQCESoZx3sxOU7UzfldJkGp1h1u9tKMZDIU6TDM99s1R2VRylUYWkqLyCJUH
FPTa9lPyq0wqwNdMQe7e1bTiLwmekjw2nosFlMQtXecjriHuWbGziIPXEaTePKPEBTvx5IucdhzD
IiTSoYXHzSY3Ury5Ia2wYQFJWDh31qpFFKy1IcW8Cl43JdHoVGiF6ruyLFQIkCkMY+3+YhdFUAnK
nJLZeboO2RFjh1Sl1zGd++caMRQ2UUzkabrhDSw3jGi7gqVgicGeQfGPIFBxnMqYF7BiudSOM6ol
rCsnqaY7ju2+8o+RNELcxh2cCjqr1H+ImewrO8Q0d52uwWyCxYyEnrpgvwme0DEBOTNxWCgO0sDY
FCeYMoREDFVWR08+BTPaVV10HTCgLLq0GOjrshFVDxIuR6EZDSInoO7AjFOqJl0DBeR0gAOI/AKi
2FPgIkIb512Cc3DD8kZBNuIgN0JXiqiZqwo883D+osrcVcwueZv6vkywe7IZDYwljx3EmZ3ABBr9
c6IV/B6QFmUzSGXxfE1B2VSoBVB0FclWvTE7RUNQVUYvCZZdE/WW0V/YV1RtPdGkKJWOejh3QWlW
jP7fnNuMcxtyzzEvJCqaGuITuHIgOBfkm4mr4eca5AUKZjCIntw5iDeZfNKIWfF1Kv5cnCh/Ofek
Y2KMgdoQl3NQQCvbWxzC3Jed+7kEcVUVQZUCl4RQnozhlpkwoyxj+tB7Rm2F7qHt1VgVYsVqka0h
QLdI0lLoAn8e+kPtQOdTWZwbYKYnMI5TnMf6YV29FqcqAzXuYvebzHoYHW3dsTHaNeUOgSPO8mLY
z+5ZmzO9a4ihyuPZ0ZIy2GpGraQDK1xE9hKbBv2E0+TQI48Ep6BroBxHux1h3115Lq7c0LQ/gomR
jBMxmHwmQmNoELZ5liYClxmoe/PaeLbQUJpmnaR1zHROtKLQz+UsXbLIB8qyCnSvIhr6yq3BeQ+a
KFy4bGTQGHnE04FV2HB9F8loUX9qDFYAX+3IR6tu5MQVDWXHsRRVAOhQ8C6wA3PMtQ0jeA09kKDg
wLwFdzlQFUIXrkktQsnaJcDqoF/9uruoq7R8Sgtq/S+ihRMr5WviDJrar2fPMS97SD2rnqrxdU7N
UnPiWByCPk5S0AKHS4fHC20p5JI09VlNn/MKRwAzaxydegom9dyaVPncTmwR24/KWuDClV62Q1BG
vw0tBwUo7YS5Cs2h+mra7aeJIgwh8r7iEHxN8sb8wPHcUFBOkKUB8NOxcbSsg0c97UYbR8zjVUEN
4eryhuVrcoXFH6lXAgT1ScLLXoSqxD2N1cqEA0M+IX2ostQ5y7kIgYePrke+e2H4OiDLYJBUcaRW
yKuDxqIaSVCVtJvKC0MTyc4dcgwXAjFdeXSakYXkzF1uKiXNDsHMjqVR2dsWaM6KWmqiDYBWFUAm
TuMdafFYmlSQKE2wZFyCUsvAQoLd4vqw/5hZtNiXrwLOtR3FgU2uv/dkv8RctirH6Cq2lcoe6BGu
mKlmVz7y3iv7GTWNVVg4rVyzpDn+5TpIUS8u2KArNYmyqNqGXEEiccUGpBofyfMQb0bkhhhZSXJ8
yesEM8lFzeQClRqtRJMDsdKDB8cLrU8X/BluOVajWw6aXdhlMqEZDlnnnPlFCpuVJNoRlDOnNTYa
v0Coyqo6mSnpoPLA5ZN6GsI4loZ6cNBf4W7DhT9DQ11TRTPcSohJmyMXWdWBHILJWwvVLMELTdox
oixmk8WbOojmG7GEGWucMyVfydJ8aWwyRinBJ9ulGS3YG9bK0B8qP41gSlfm5PR3lRYGYeqp0tQz
Oh2lgqc+Da56yAoVhy8qyXOhpy80oJnLhJFpfmI4Ore4zK20rh48UA9nOc+MhtL6uWdJqUForLpe
4cK7NFetajAMw5Vdg2TQ42jGE+2/gS5eyAg88joOKB/tCCIpW8TrX3ZhBUxt4hk2KgUvFaw9jUgt
+6o0FH4G6/JzQlcByhU3sBGu12BeA+bkOlPcyjBhiYiunSh0r3DkY21k3VUevXbbyIpXALN8zcKd
hk9pH7SiWCr6Z8bKiV7RTtyE2ajXSFYqjYYAzoGUm63GAC4uw+xlTs6mu8jKgSkKtIJdDhxShq9A
xanRrucBtueCwmYO9Z7tdeipF3QXgD7VRee6rwgE4ogrV+fiVzLfoKZrtJT1DyyRJiaZrTT3dagF
6E9GuDVCKwd6c4z8rSqVSzad7EBM7jTNQKFfXCBUGUmDdKqVCKAngbtpqNlI++a1nQvcUjtvvz+p
HZ09t2qd506t/b71fg62jNXF2ySS8AJD++K0yVqF37pH77CRen/CmLizA4rqEVir1s/I8aAFMOgr
5wV3YFInSSOtEfREJsq2Hsg9gnJA2zrkLMaaV3W9KQISQB7umxsa71QToRfKSMnIcYplpNTJzWpk
C31BqFxfUM2xmv45DzhbiLOQFhc89RdeFCA8bC0QAnMUVmE0SLiJVDpY0SjT/we1A/mcSB+lhzbz
r8C6GeEBMwecn5WRgPtQ/tyOzCQV0JO9p5FnvOKwN14Xrgeq0UhYrs14hJUdryhuAOMAXBg3jwbw
t1gFFRwTeD3jTTMDA/0DoG5uJIVOoUUjuVCLCWY22m+NCylgOtdGwnh4a7ytX+J/ehQ5oZ7EUQND
NXBfQNRx8/6o2W2ewOMPfVzdOl1Iu91dtE+7Jwv75Kh11my2ZrJz1nTOTm3ZtB17ITunJ+IHKDsJ
HqQPBsdk0otN28BtqKSNURtuyMEVR/zKsSIaGd6e14UuCLAl7Waz02q1zzCqI4Quj02UYoZQreFR
ZEirccLxLsMV9bsmIt+ktsi8wuQMA0IwZIV7bzlzfTt6UVmIkJjIbjcwEIUUxJyDXNqNFjL9nyDL
spMR8i8KSHH9RQBJ6uktDPHhp6H4wipPXPxFEDIO/DFGUK0x6Y9FyUz9DwS/RncbSrsMI1wjxZAM
0Wyfd9rn7bMpBoqFLs6MAWMw/nLVOhJvv7gxbhVe/fnPiH0CtF5GDgZOsGIBzGcs/krt40uhos0Q
4sRO5IaJOPTBSiyDbLNfNn6LhZge1Os4yOvr8IK20g7yJDTu7vNF3iF1YFYduK+Qsj0rmF/SGpdK
1x4bqIpSirN0i3lh3lZM+JbExQRWFaVcSluUUlFhlEiLL2KQLtyJNpNZWRTTUEMUU7SgVRaBOqOY
otVGqclBSOt1RVyM6iml5EzOpb6yZqVUionZ4C5x0w1LCTCIzS6efWsXK6FUVLXmOwx083U5r8gD
+tZ8JR1rJqhhWZGT9YqZQsrPrUBVWtFMUjqnILegmuu/uUkhTameikJZJxdSWGFU4JYIRf1pvAdp
UsdaMNASYx9UMASGJMBA1GPyFkPU+j5I4AIM+NT/4kYJju5rN6KdlBcxTkNa0YNMypXLxzbH6Nzg
xtNbtab0TgxhiFAV59Pp1/7d9f3X8dS/BdcJ3ImKjArzc4zbG1NQLi5Ui4Ft8QN4dNMpBplOpzjQ
p1AF/WA90CBHL7qBtSfHARe8sWCgn9bHMFghxgre+oEvUVFVIoR2hG6QgYfKVzEKVVzzpHXKiT3t
SBRBf8cIlwKssxXIahc17rCfYdUm4xpq13ItJvIm7jUtpmU4PkwJJrwxPAZbCx6T2WdExthdYuM/
qZ0cRNDuvMIY8CL+wPbtJev9YgkD9H1x0dUUDHCXH13s39mLyFSP3x8+HleKz/UEA1NNUE7E1B/J
pYtRwlAcMmMMnrC9pm6Erq9Rn9VoX79GjmaN4pYgHX9Ax+QhIw1UMAyOCQ6/pOzMKrh4MSZFJiYY
mYREUX2JA6Wlc/iBQV0TiRfTzyPYfv3Q0g/tqlJvSLdTWaiCYEbRIF3U+LGmgqEaUZC0OtlbEgBP
ZGS8w8TDeMc/oZXYS4oF4RJ/pMc4Xcs5cESSxgZOQNsbPyI/ycuGHoJJxFqs7Qdcwo512JtgsSCr
jAJxq4PCejj/xfkMiy+9iUeKoa3BMA5fIopVeeu8E62zs9M6OQ6EOwESyLxTkB1tUln/nv+4tIIO
wQRlleHpw9UAlU9cIXMgdaTS3EdSObcYbSa+UJQT+jYUxM7vusBGTAFpAG3SD823tbFHOtTzlupw
loF/tzly+5NDs08LzKC1QAODCPfq1wSqaEcCLBbqDyBESyuWGNYLehW0XpgSpf+LfspgMBplOPhh
FoYs+nNrofS1H6j4MONZYXK8TWyBxSvRiVAYlnsUNIvAU3XscDuGWswGnxxVN9WUJov6KT58ntzU
T3OUtbuW6IvReIZ54OEqWXuFFwyZJe1jOR5uhMQ76lWI+kTAblRcsLToSAjhjSfX958n+VOOAzM6
sLqhgZvzbR44VhQEyY6aAnAxFhY051Wc3QWx8Fpzr0iBSg6DOKF5vIUWRhkPAwtp14LC2mpHTYQM
KuI1FC0w+xWYr23pQVtvAewZSAf6V2GJYm1lLfQfcPAyB+HP1EcJtdIQV3xKHYIxPxZuigU8UNr0
A+mgD2kBusHBdwT8j0WAm0PJiycvpge4NBadizc3N6e4lHrwF/X0H4eI9pfvzmBWqreEtpYB2Zof
PmAZ/PRqpVsymJXqsbS9AKaan/aqsSKDWeODfMHg811lnJzoMvBpj0orM5iV5tJXXcT1taabn16t
c0sGqBMYaqoBQ4+D5wYWBWWctvT2xIqDNHLkFixwA2DIzpTtKiCsQ8913MRaeGm8Kg4AZWesUPn5
jfcVk/IpxbjvhGJJYGws6TvBfOfodnF+ApZuD1TQKVs4k0Ostf1seWxIMYJR/8WDIq7XgFmE9Wyt
QMmx/2sWQggUgo76NrKt/LjMdpoo005lhwRle/+kXEy3A6FlfdRu8i9DmZG+pJVRi2NUAHzc5V8T
SRdeb2n9mMMebW5GC0RS/9UhvxYHcGY5W+3TwdRHf8TCHVelQqubx16FNUsXCxmZ6rmZwV7vWYXI
pwF2VEZ2CttEYSUAOh3wL4DA43K1I9bifgfmgD3zUJgtWhzJ8nWbZ8c/ZQ8baEniMR+a6g9i8ATA
AqfKwZ/H4shh+2QBQz1pP8SVQIz5sDhKoiR7KhLFCqL5rvbjDjRKnEVReK+j6WG8DS1y8QCJtArM
y6UnXiHVJAcwLSk2aTyYDPGZjnbQnpf5AnnXSWhp17l9xL+Q/BJbiVyH1k6hwsOND1vGemrQjVEN
uKNATtv24nhsWXqsaSFoD/g3Q0heo4uU6usYru82CoLU4THXwSGXYSApeEaLNCmm0rKF+TL1YdS6
FCiTS0bv4/BqnD1M/ScVvoV7apYD/YU7rdqFM/j2vPai0GGmWurggzFWTfAGz8vBSgUpISAfqrDw
5Eag5imZqBCC8jSXTgVsna07VNXLy8p7aBGYwtHKrH4QBVfemL7RsiP+/Ty6rZzhEaDvczxNNrk7
OmsAoy6XrEGm/g2Y4TTCiTCF8q2u76hffsGUK3AlYTJLSuIu0Ms56uXjeFy/k8sgcdUCPSb2r++y
3LS6ol8eollXI91iBJyeYRHUc2ffspe7ye2g8PL1g845Ht71Pt5nwPH41njm5TB6mdyO6+PRUGf7
NJkM2xkQCFdLZwj7qTf60Bvdj48y+Oe7/s/W+P7qp95krLGGXBM9qjPGMS8LOYle8VmoRZ64JpZB
uMJFEV74Ues77toO+RdevDm+hEHY4V9IipIYF3JwSSemsuL1jH5i/OUEKiiRni+h2gSwoHFKbT2f
HlvH3Xro1GEwddrMHWNefw8aEJIOW7gztJr6f791ZyYcd4RaLeqL8fiTCYGUOF61IedpgxYZcDdR
/z0ke10lfwiArHpfXC9INpp4DOHg3uM9gQlgfcP40GuYuVGQ1ZcC/mkDhHQTCYDa6UK55KlFotFw
PTJ27cO/2g8wcbW/bzWDQiT07By3bxO1aNFpNU6Oj0+MxzJy4C9z7KNGu9PpGI8KO079yIX5HugF
ly3bWbNxdNpRyNlLjh7LZF/sbSwoKxncpECu3A8Ofx7cFhc/VRoOkkJf8M4lSQgo2gKscdY4wXEG
2arWU3+mJfdqSED9WAkcg/VZ25WgkfTs57uPlbApXkhBv5VyCcmPRbGnIDG1zQVPfVqCAmlw56w4
cR+CV0qV6jbIeMxcDtpktruO3ZJN++zMaR83ndkpJCyO5ied47N5q9NcnMzOOt3W6ZH44fuEkqkz
J9EgFvYCJlL2U/GtjAszJHsZ7zI4uBnFfyr5NRj2RybH6IKAKS00xCv9tzLnJwAgx3hxlmhYz9vw
rwv/jkS8slv404YZDv45OsY/nVN6O2q1DxWAHhkIj4RTVyB4ULnqKl+njjhgbOV6DlMA/XTcVE+I
z08dcIyfVm7khUHgge5Yyggy1Drq8biZPZ61s0dA6OYI3RwBKvflIkrVH6xmiZoZf+pO9BJiFDNO
DDpt4USO/p2Jhf/Ygjf8Y6u/MC2iV/j7W2DbCZ48sT0mjh+JOH4k4ugReJI9Hh1nCERylq2bZ+vm
2bp5tm6e7SjPdpRnO8qzHeXZjgSKAm9k6odKoWAIzt8ppDhzTaYYMqE2QjUWpER29FIcr63vXJ3m
DY29p/IKe+8JPWfYe5aIaxu8U24+V3NKA00LikEcBuhyeCWyqUQkLj/09UZbXrQ6GWJU4QffyUJV
VoPincBF1gflS67u1KedfvW3slEEKPTnMWsTteVtPFbm17BscdQsjGJYcpxK8eHDi2obnZ/Q2hl1
2cSUDKJCTOYVBk9hqL3jgrE8a+bwON8hNIxUvg8JOrZq0zLXwBlULfRJ3u1i32w9W3js4wrePMmE
UF9joIjK9zBVriJjOo22SZbB4cKe3PSAm0ORmw+2/5urLnYgq6NuBqCNP4yvqKGKdVaCNsGx4FmK
p1s40g639z7efRa3GHUdiY98BZAY8q1Gt64D9cuMSOjaxveJrW6Knti9sjCRoWsGWiUGFhbaNDLO
zyyM2aSzTOaqmMZA/9/K9rVeqZuQ812u/bEt5Hq2m0TC9r/f0h7Sf9shLpZSMw6faUdp+meQ/nf7
4BiVfYdSzPJkd3ggWKYJ9m/+aCDiH+gi7qld/I5TeAIvO5G0uwaDdVefQkYVBZM/FsaWMWj/zVGE
HJymz+VB+UrF0Nwczy+o6auRTEMOVYkCYXiyAdYxMbxOKcx1QHRF7Q1Ip31yfKpAxo7Q6XEXF3Gu
1JFO6EgMvcawVSfOJ/85VJ2bLCLhXBjDJLQcHNpZEI0Ow815WqMFQ4vu+6rhPTuWirsluOXbOJ4t
fXNPBQYdkcgQpj5OTrIoFKpJmD1cJBVAdArPitWuV1MngCaRUPNcJapzfSaeTipjqlUAGvm4FA8D
fCtIsX2jVit4sNRp10qwDBY74bi1rPYBXsdbuGATLdAO9uu4UfC0Ewl3PW3axYlDYL/cicyHh3gv
p4Bnctty8hjMCq4Dp7ZBgEnbQAZ/dqLkrNmJBlzZBi8zZBuewQuFwocoLCwfL/ZxWXMDwA98awcQ
5G0un600zkRyRkJYSowx+KKYl3UEbr3JRKellalhbG1JrsanvThI4mNkVZAwLhWkGAd58CCF2mPK
R5mBEPi0p1WAYxyGtZB0spm2Eyw+HqEoeA0rjE2MrEWE4tAR24qCKtGKJRXqKhSU5d4TPefzaxmM
vtoD9bvKddIoDiITkS+fyHq6ElRkSfzghmFlBg3J8J0gfIHetp4iF2w8np+ZV0LUOTgDShpEscFK
gsCiY9MZ2PfRCYxTB0/5lVIXtuup4PA81aUhaIwmvLeIIFo+qwvlCYSVl1IChOhzgKNKaq+MI5/V
zjbdCqYSs+1uMxEcal1/ARdspjufexIvQ9NMMRGyGvCiH6VjyvVsgrJccbLeQtwGBBwHS2IfBI5F
p4Mq0tX5QAPgbMngbMuAG5+VOTRgMwu1z6lM3UDe0oBt9G8hfxv124jfSnsl6dWUS/CZ/XkabqBv
S8cMW/Ar0SHR20jdSCSPyMJ5RqZi8ALY7dCZuyMruKQv7q6yacd3OxjyckjFVvAuwpY74XPpuLl+
q0BYwCxxV/4gnXlyB1zttVVDX1RIyza+rV8peTcGQsGvXoc7OJ/FIW1hnxfMtkOln653lC138G0p
A3DfopftGHx23gTzktZ2iSzByzJZAldJZQllUy5LCJuSuYmwm8TlKxhV8llC2ZTQchmbMlrGKEtp
Cb4hpxu8XL9a/ms41dJa7pFNeS1h0HLlLpaXJboE35DpMgVyJ68r5bqEY0q267vZVCpzlgu6uICB
Xk8JDiCYL7jmK2WZzwoIMqMJ33kChXcXGIl8tUcx4zwKwmJKhEaXI/hUir4o1UwqTOdVorquwcID
iWa1BQ/NRHxwDWdwnccwabRcFPDVEDDGxtsdcAhiAIlZ38aUDlOhjzCej64lM8rk+OViovbh8lUC
5osK1Yo9+1EWeAFOlpoVlZNVj5eTMZSKNqf5mHMJajpsWSL0iUw2y8FAKr06Z0JIFgvcAl/E37LC
AI4Nx2kXJgNbsbKJAUfz4fE1eFThDJV7BBp2q9b/N6MgBEdBCNE+EQNQRnTRd5bvEy8ZfE82oCq7
9IbPjOpzY2kcTacUUzadAtahakPD8Rfft5qdZbR3n07I8XZHzuH0RZ0AuRr1xNuhjDza7FDfaBjJ
ZepBI3vPehEzfle5PUHZK3h92ui2KOSj3oT/jxTiX/uTLbv2+7MCCW9gzBzH2GWRny0OyzYeFa46
7cGBoSoNKkuJ1nL+/ImYs+LTNPj3nA580Wnix+qgF8QSvZ8n5T27tgLhumVxNxM3rMZf7kRUDiXo
OPP22eL4qHm8mHdP5dw+m3fmTvOsfdxyOkcns+OTM6dz0pW40oxl1ynMlQ6QCZtJLG45TfbA+Xt/
+CrO8hteH1Vc286AMwC2y9DsRo636lIEEUrHO5x9wzuKd41kzXjBNAV4HY8dHUIvWKoXaiKI0O0B
YXFwiShM8IzfNejMFzFewVB5aKgiFineHoV6xf3GJwE/gpLFhe0P0n5UW1cwqp00Fh8Cibe0YdZA
hQvicTQopbRxXTxohjEydfg5w7Am8RMuoHyjO0u+Q7SBVBV3qe3pljBiRMSTLnQHXmm3RAHBkEfS
oviMQsAiBiFX3BuwFbClb/QxYXz+YgaI8G0FfFZS3/RQfNu2B0OSf3bWWjTndqfbWizs5ok8mi1O
ZKcpOyet01mn4yxOZ0enx3aTg2j0EW+M5+XHLfpFHV3Onqr3l92ZgvLCcSlYqNloHZtIlVvMjITh
irfqT2VV2alm3kcHwx31E75/pQbal7TTo8yTxlI+YFYjJfTuZ7yYSS/jdPYb8HfqX+UHxS7pxFOe
5zKK7JfS6z1lq4kP9vxGhZtewSjtPeN4ovuHADKge+JL6Vc2XYSZl3elopk5XipPz85rG0kB3tdm
FNZbh4kBx9PXMd0mUUgrFIt3fOdvfTC84KxKM+UR47guo2WKg9aoTOPkuLfSXyYrA+UW7YIBD5au
Y4AH6padHOMuGOE9SQa3oVfvFx/wgrDYyEmpI/QbzUToRZh8PRlJQ/pejyEUpSyZkJQ6NUvf6B4D
Ut1PGUJFh2WwrZk2mZqBwJ2QzxXpk0hKM7mIxdc7Gk0GKb/GCejLres/yDl+9IESUVgw2Dl70TJN
r89yTiyiV3DvQnoYuH7+bD9nz5x1DBTYS0kpw8gFM5O8/A1vIqOU/GmcABvpaSLXoVn1Z4xyKHXp
Z1xIpRVyUvgZhNQS36RAOuNvt/hYqTc0bB3MU0+aqked3WWEzCUjldxuoqPxPZZIUdPYOIa4zZ3U
9/5QNS++vaYgDqZhvE3/oeEeq6MeGZZxo+vv9hE50r9hZ9ja+VOAGVZohGuoZH0aY8cxYkaUuuey
svNCwO7CVEk+2lU1GEcbMpLw7LEKUsHrMCy+pDE2c+twTjZ35gHP4yb/Tv3XTtTwxbwU1WLF7tzC
Uy7x92RIVCipfQGWf1ED9aSeFnjK7CKOnBruyVzsgzP18VB4JGk3J2q8QksBV5OR1aULpPOCS7V7
v01O8+tf8PIB/bLFaVBRYj8XI5t1iBgm30Gr4rB0X4QRQwYltCtix6Y+3YcCf2GM/HK5JXJ6wGP8
y8ZsQmf6Yka/tbjg/QcJktDAS93mUi0rmSJnQtXp5CpQcanNRNCRSbYf4NdQvG0IuG3tFw4rm1C+
jRonlE3+xTbiZT3w5+9uWJy/wHspWlRx61sZ0uW4Q7rkx1fnISqj0PmqjK8Rnh2P+KoM4/6O88PD
DIftIqLQ7Rauv8DbLNVdFzCAPTo4URVQqE9fsFWrgnxPt1J9WVhYYSpWOJlUjZafzzTORxmor55w
LNxjwxJM7rkSZhww+NrzH90o8NEvoxmEOiaGZal2XN7efh73RuPh6P6mf9vTSypDvisED4NgJNDw
+nJyue2aHnB/CW86Cuw1RVtiFFXgqzJu9A08RrnseE6njKjeKrK9fT49fleZVxBoZwlfj7ud9n4V
3w+Gnye90d3lgDhQukuNysUvX5SvNJqy79xpT6fOeg72Chh6HYH4RNdqFZCw2cxOp+MMm5Fi/cBs
vhmOrQ8jKLc3soDlluoSazwZ9e8+YmlszmWCC0ZeEKF6NTNhR1bkutbfjPp0P+hdj/pfdC9TwvBy
8omCw8v96t/eX13e7tv3NFgwz8f7OyDjS2/EhUITy8y8+zz4AITe31jqmyr3o7E6Knc/Nm61s+4m
U9+8Sep1AZjeR7bjyen0r/YjEPUb/OIK3fuySO/C2+hcM7WIkXfo15lcb4Vxc4Z4i894JT1vOsXr
g6bTbRl4ueaTQniF5dOB60QBfsIoqwkw4vfAOuhZXCfDo6Ig4e8bvZ977xsfLifvG1eD6/eNLx/G
+ANpfx3jP3j4Or7Bn0/vG4PxFd1bY33o312OfsFCivdvkbAP6QzfoH/Xs7T22PxcJKDpfrYuR1ef
+pPe1eTziLDVPYQ5Qv+6dzfp3/RZflDgveOuuAHF4r2IY1R1oDePTsU4kSFtJ5zVMKo5hfoI2Szr
tvelR0Gex2bqqPelP+7f0ynKjt08m/qGZFTqv9cV2fcprT0UFNI7GFLf/TD84SMej2TVvnU8VMqZ
sgzvtyitrZKZWZTh5w+3/avS6OfocTDJwFBgpNaaV/oGf5ZkUm1a03DSSN09U7gWbtIbDPdUL1Oc
/kGO/qCnrtGBmdzke7Ojmry+H1z27yp1fQ62RveXINsfDdtYia0ZkGlOTCwZ1LJyxTUMnusVmKHu
itLHubcY7R8sVrG//qlkvv/0j0oBNvBZned4rxvzPPOmfd6or9q+7iqChsSWcqqN/JbSaDR9P0GG
6efMG11cqA/dgLySXY5Ani038kbOPZ2CvJTd7gGXXOEgVBdQ4Sqo1mtnIc+XuQ0Z9SUgGhqGbcp5
jmm6E3vIn3IozPyZa6Erq3AucvwqN4Mzdk20e5VoOh05FNXt9wjn/zgghgNisJFdEebk73RGjNIy
t4QLrHBMDOSii8I5qpwUI0ulu8I5lcNShZy7Lvlg/F7npapccmO4yONqDO3SMBI7NQZeLnev2od9
lPsW9D0U+WbOnUq72FZwhxiRHSIDZrhGW/X//w3nyCCB3KQNraYdpRzRcJkUtnaaDJzcfarSuLkr
tWmHDDR0q/ZWs8ozMnKzi6UEqgD5I8XmvtWrtnarG7ZXzpzBFZbIcM+2NsVAZ1dtJ7NRI417tzf7
aJfx1ag/nFg5hXuhI7H7ZkFta01Gl3fj28tJ73qfLNf3V58HoL6A1/eq103wqPe3z73xxEKxsG5u
7y8VTuuo0zo76R63243m6VlrW5YysomHV2Qp1YrbR1P/LX4GRohfm1vJpq9fFEpQLhkR0Lv7sr9f
zMi/xymmnH/AI96S//e4w5tFfZ8vzPn3cYR1Td/jBVOeP+YCUxG/2//dyL2P80uZKj3fDLLb7SW0
3+vzqsz7ObyE/Iq3SzjVri6B/sfP/UN+LvPw3+LkclH7eLiMub97y/j7+LYlzH+PY1sqtOzVlsDV
Li0j7eHPmoivObMbuPt5sma219xY3bgNH5YB/+8cWK7/Ne+VsHa5roxQ7bcasK1OK+H8Po+Vs264
q5z8uwvcw1Et4e3rpWbZKl3UDLqHf0q4W51TXklUN3yUvgAAj3iaTaAye7Ij+Z4+vs2fus3vEMEv
4tn+/BC/pR7M3QX4ZpCS3ysCpnYd628IGJXhB75DlB08j4xBoBr+MQpSYDEGgaoLhOf6U4VZrbiH
qtIwBvtcCBDNHpjBjc8YlO47UZlWQSj5k5b6e378ibNF6tXwYHYivvYnn3D1+PLuF/H1cgRu8uSX
90J9LoU/BYoF0ZFL/DKaDW6pn7xAQ6f+oAdKEzJcfujf9ie/4LcHb/qTOxgZ4uZ+JC7F8HI06V99
vr0cieHn0fB+3KMLVdTnzefunC6cUCH4whZ43tZkoccsxJBb/hi67QPb6dJX/ojvDInMMekr1qEn
8cI+/GY7frNXlfGfaCrAFwICDv71fwADVdht
===END CRASH DUMP===
