Altay Crash Dump Thu Jul 19 21:28:41 WIB 2018

Error: file_put_contents(C:\Users\Visitor\Desktop\PMMP\worlds/nether/level.dat): failed to open stream: No such file or directory
File: src/pocketmine/level/format/io/BaseLevelProvider
Line: 152
Type: ErrorException

Code:

Backtrace:
#0 (): pocketmine\utils\Utils::errorExceptionHandler(integer 2, string file_put_contents(C:\Users\Visitor\Desktop\PMMP\worlds/nether/level.dat): failed to open stream: No such file or directory, string phar://C:/Users/Visitor/Desktop/PMMP/PocketMine-MP.phar/src/pocketmine/level/format/io/BaseLevelProvider.php, integer 152, array Array())
#1 src/pocketmine/level/format/io/BaseLevelProvider(152): file_put_contents(string C:\Users\Visitor\Desktop\PMMP\worlds/nether/level.dat, string ..........M.QN.0.D'.*.+$.Q..."...j*..kUo...D..*........l[../..x....*.D.tE.....`r.......,.....y..6.A.R...e.F.|...R..8v...Jk\......`.dr3..ir.;}....._...Y...K..z.R..W.3...lS.|.....JX.[.r...W.j..\.k\.q..?T.....E....4&s..?...S..`r.z..,....~..8...)
#2 src/pocketmine/level/Level(1074): pocketmine\level\format\io\BaseLevelProvider->saveLevelData()
#3 src/pocketmine/Server(2468): pocketmine\level\Level->save(boolean )
#4 src/pocketmine/Server(2600): pocketmine\Server->doAutoSave()
#5 src/pocketmine/Server(2326): pocketmine\Server->tick()
#6 src/pocketmine/Server(2239): pocketmine\Server->tickProcessor()
#7 src/pocketmine/Server(1803): pocketmine\Server->start()
#8 src/pocketmine/PocketMine(241): pocketmine\Server->__construct(BaseClassLoader object, pocketmine\utils\MainLogger object, string C:\Users\Visitor\Desktop\PMMP\, string C:\Users\Visitor\Desktop\PMMP\plugins\)
#9 C:/Users/Visitor/Desktop/PMMP/PocketMine-MP.phar(1): require_once(string phar://C:/Users/Visitor/Desktop/PMMP/PocketMine-MP.phar/src/pocketmine/PocketMine.php)

Altay version: 3.0.6+dev [Protocol 274]
Git commit: 0000000000000000000000000000000000000000
uname -a: Windows NT DESKTOP-7BLVAAK 10.0 build 17134 (Windows 10) AMD64
PHP Version: 7.2.5
Zend version: 3.2.0
OS : WINNT, win

Loaded plugins:
MagicWE2 5.7.2 by XenialDan for API(s) 3.0.0
MurderMysteryPE 0.1.0 by TurtleTeam, corytortoise, jasonwynn10, xBeastMode, Chris-Prime for API(s) 3.0.0, 3.0.1, 3.0.2, 3.1.0, 4.0.0
BanItem 2.3.3 by LDX for API(s) 3.0.0
BlockCMD 1.0.0-beta by kenygamer for API(s) 3.0.0-ALPHA10, 3.0.0-ALPHA11
Broadcaster 1.5 by EvolSoft for API(s) 3.0.0
CustomAlerts 2.0 by EvolSoft for API(s) 3.0.0
DevTools 1.13.0 by PocketMine Team for API(s) 3.0.0, 4.0.0
EconomyAPI 5.7.2 by onebone for API(s) 3.0.0
EconomyAuction 2.0.2 by onebone for API(s) 2.0.0, 3.0.0, 3.0.0-ALPHA1, 3.0.0-ALPHA2, 3.0.0-ALPHA3, 3.0.0-ALPHA4, 3.0.0-ALPHA5, 3.0.0-ALPHA6, 3.0.0-ALPHA7, 3.0.0-ALPHA8, 3.0.0-ALPHA9, 3.0.0-ALPHA10, 3.0.0-ALPHA11, 3.0.0-ALPHA12, 3.0.0-ALPHA13, 3.0.0-ALPHA14, 3.0.0-ALPHA15
EconomyCasino 2.0.2 by onebone for API(s) 3.0.0-ALPHA7, 3.0.0-ALPHA8, 3.0.0-ALPHA9, 3.0.0-ALPHA10, 3.0.0-ALPHA11, 3.0.0-ALPHA12, 3.0.0-ALPHA13, 3.0.0-ALPHA14, 3.0.0-ALPHA15
EconomyJob 2.0.4 by onebone for API(s) 3.0.0-ALPHA7, 3.0.0-ALPHA8, 3.0.0-ALPHA9, 3.0.0-ALPHA10, 3.0.0-ALPHA11, 3.0.0-ALPHA12, 3.0.0-ALPHA13, 3.0.0-ALPHA14, 3.0.0-ALPHA15
EconomyPShop 2.0.2 by onebone for API(s) 3.0.0-ALPHA7, 3.0.0-ALPHA8, 3.0.0-ALPHA9, 3.0.0-ALPHA10, 3.0.0-ALPHA11, 3.0.0-ALPHA12, 3.0.0-ALPHA13, 3.0.0-ALPHA14, 3.0.0-ALPHA15
EconomySell 2.0.7 by onebone for API(s) 3.0.0-ALPHA7, 3.0.0-ALPHA8, 3.0.0-ALPHA9, 3.0.0-ALPHA10, 3.0.0-ALPHA11, 3.0.0-ALPHA12, 3.0.0-ALPHA13, 3.0.0-ALPHA14, 3.0.0-ALPHA15
EconomyShop 2.0.7 by onebone for API(s) 3.0.0-ALPHA7, 3.0.0-ALPHA8, 3.0.0-ALPHA9, 3.0.0-ALPHA10, 3.0.0-ALPHA11, 3.0.0-ALPHA12, 3.0.0-ALPHA13, 3.0.0-ALPHA14, 3.0.0-ALPHA15
EconomyUsury 1.0.1 by onebone for API(s) 3.0.0-ALPHA7, 3.0.0-ALPHA8, 3.0.0-ALPHA9, 3.0.0-ALPHA10, 3.0.0-ALPHA11, 3.0.0-ALPHA12, 3.0.0-ALPHA13, 3.0.0-ALPHA14, 3.0.0-ALPHA15
essentialsTP 1.2.1 by  for API(s) 3.0.0
ItemCloud 1.3.1 by onebone for API(s) 3.0.0
MSpawns 2.2 by EvolSoft for API(s) 3.0.0
PurePerms 1.4.2 by 64FF00 & ProjectInfinity for API(s) 3.0.0
RealTime 1.0.0 by killer549 for API(s) 3.0.0
Slapper 1.4.0 by jojoe77777 for API(s) 3.0.0
StairSeatDown 1.0.0 by gamesukimanIRS, maru(このプラグインの型の製作者), DusKong(パケット関連サンプルコードを頂きました) for API(s) 3.0.0-ALPHA9
WorldBackup 1.0 by Jhelom for API(s) 3.0.0-ALPHA12, 3.0.0
WorldProtect 2.3.7 by aliuly for API(s) 3.0.0
Worlds 2.0.3 by survanetwork for API(s) 3.0.0
EconomyAirport 2.0.4 by onebone for API(s) 3.0.0-ALPHA7, 3.0.0-ALPHA8, 3.0.0-ALPHA9, 3.0.0-ALPHA10, 3.0.0-ALPHA11, 3.0.0-ALPHA12, 3.0.0-ALPHA13, 3.0.0-ALPHA14, 3.0.0-ALPHA15
FactionsProBeta 1.4.6 by Tethered_, HostingItAll.com for API(s) 3.0.0
GrabBag 2.4.3 by aliuly for API(s) 3.0.0
PureChat 1.4.11 by 64FF00 for API(s) 3.0.0

----------------------REPORT THE DATA BELOW THIS LINE-----------------------

===BEGIN CRASH DUMP===
eNrtWgtz2zYS/isc9qYnpxL40MvWzbUjW/bFiZWokVLnJuy4EAlJtChCBUA7Spv+9luAD5GUHcuK
ejfXWDOiiCWwu9+34C4I6jdd+Auid6xm3TYts2lbVT3AXJwyRpne+U0XqyVc1lX79INLlsKnoV7V
F4RzPJWXJn5ArpaRuHJpKEgoeOWk4zhvOWHccX7yuS8oc5we4XNBl44z6PcHjnNLWeBxIyRiRpgR
kBsSIA+Lg442waDP0wTV6JKEGheM4EVHe0U1HrkzTVrTKNM8nxEXNK/Al0kUBGcgB2eWM8w6hnHS
MZQDRmLfSMwb0roxoO6ciL4fklp/gOQQgzPXWCrxAsSxQ8aEsgUWhk+NY8zJhZQNGL3xPcJg1FJa
jq0+djSMDKCjpN2u6oJhF87f69+YWgUYWGtynEj4AdD4Vv50OqQQhec49ALCKj7QPiVMs6uSLT+c
av/jkGR+/DejUdVSHiSpGmYMr7SuPFYODoDwbyztsWoroEnC32Azgbc7qRlDKPv00Y+vkIl6f0fP
0Hd/Qz+CyNHhcP0MoflbCmc9BJeST/AeIQOhD/L8GVwRp0r8C0uuV9VxhVALddEbOCXoDP0Ov3B+
eAO/L+aOE3f9BXmsjpDP0D8+KcEVfP8N35cIfZT9L1FdWhyq8TDyHXqPpJ1LdA0+Okhq+hWhH0bq
snKk8S0HAZwMlU8fE4f+AOPwo8Jh3x0OFYCKZbYbpTtBXXacOFyO41PH2QhY7XuOb2JRDwtcUYbq
ZUNDwm4guHajdXi3DaUg1lUZUxoQHGpKVeM+VS3TLKmKr9S+92g3EnQoVSkVzftU1O3WPSqE787j
wa37Btv1o88MBnpcSNeUxVra92ixDs36PVq4wEzEow/Lo9f3L1Bq3aPgSt48MOcjV1Rk2E6gyPAL
iiFoGh1fQ96o3pX3+tgPL+h0muu1/b33mL7LIJr6IXRQGI+0x6asigTOyK8R5MArGrqkst8UuO4h
c92B/vOnqk7+r2r0l1dKgByHSe9McMBJVXepJwvnz0819KmGPtXQpxr6VEOfaugjamhVn5KQMBzI
Ihpi+RysdwOBZb0Cxrmsoh29Dhml9Z1HbkA6jvzA0zsmVCJGBXUpDLXbjaqOl37aFbpNfQEtc8sP
DGB4HvhjOQZZNpKSKPHn0g89esu1VyOtdzp8OXo9qLWPL37qdl9qlolMTXmkWW2r3tAqaWfLPNC6
/V6rAYrkg2pHbyMbNaH1kYSecjS2AhevKJdmzl+9GoFANW6hxGbFlkty+njqu5endo6oTJTnqonA
EEhwJGaUcVmQ35HQx5BKQsm3oum94smUbRLiMZRFvQOzGuq5R6A2ejwu6ZxORC8vWGBZ+vUPSqGH
Qzm1Yx8g3ajbQK4W4AQ6DUfdN6O3AxDckjHMFumxxNSPGPTrr7ggbDU4zeMpXcnDgqgounKwRhET
ARlBEdflOoStYEIK6nMCzWvMaXi7CkNLDvpwTDAXfblUqeonM+bz2oDJTZcyH1X1ayW/tvqN7Ta+
hK+1p0BYEWRJsKZv8Ho4unz95qK3QeAxDs8FWeSISyV5wmwod/UiYRe9d/uaAaBKFi5lNs5vD3k+
E2LJIYXAjTmLxsilCwOU1Pong1Mj9V+CCyBFnPR7eXSpKA/Pkt7XxkTgIsY5CVdTGMfKSGvdi8Hz
rpXGOG1buzKQegU0rP17OHYMerhYxjqPMCctgmwW0Z3e0GAIDu0rjDnDgKPgxWfu4jSUt7e3iIBH
UjsSc4nvJOKCLrqwnhc8B7AgLs5S889FmLfsOCU/dsPYIzcjWE7l8WWiYvSsehneugBqKnFtJqAv
SjSpH3JhkHm0BcrcTbn20Mh0AOhTWPjQxao7OM/BzgkfKEE0JGP47iuqiTrHIbEHoNNxCt48eCem
vWEpp7zeAJVcKM3Wh4HZuUpSzjbFpl1s1ovNRrHZLDZbxWa72DwsNo9KbmwmwWK75JhV8swquWY1
PxvH/DR5TEzjAKzjmgVk29ieYO6HdDO0ifzRkf1r8+0qVjK6M5K2ZfsFHW9SLYVlnhtfN8/XdJyR
HNOzLcOD4YwuNzmOxX/V2fwIZpd8Jh+FS7Rsy+6QBMEmuUpa5rb9dc9gDpxkNCcEbc3ynVP4zhn8
tbOcn8yPnMtveQTPkhs0x+LyY5T1dfMcSVIyolOKHmSacE5C4eOAjwY5pgviItN2iek9rYXzFgFU
0f6DMORz90lAIy+HYS0rAqhvOVW+OJ+DewtXOhBvLahd1m32F+BJJtGBFsRINs+MH+KTf2Za1S7U
cIlvw/wzXCoppiH7z308TYwCzsz6bg+lg4iRAWGLPKK1rBjHRhlVq3F2Zprat9qAUbk9fR5O/NAX
q32hvIoNOE7mUe50h40jNTaJ7loPsPCG4GCk/k2VkZCJNnaPShtHfhAQ1mwc7Qt0ptBxGPgg/+Tl
ODlvHrw1hwFeLgv7RKmkHM4SlGt6TUlbfvaFhceGd97pW3tkpBgkQIF9NiRY9Oht/gm8KH8gbnKz
j0dzf4HD8zdD+cods6jiRHWzWZfHFpFHry2P5Egex6Y84oY8TrI+zfbhOD0/PJx4TtSYNF04N82m
fJvSi/hLGk6VZs9SetTRVRrcQyc6amIbjqatJOPmWn9iXekfK8nEVaOUP0dy1KFpy/OGJ49t5XNT
jWpODu4uxUe7BrNA73YhldG6lO+Aj7E7j/ILuLy0FKlinF7MSEAX9+zKZguBXTHF2h0n504Z2Zb7
X9dKk5FTVIvrR239HiujA/KlgHxZ5iMVl/fjSytaHPhRsLckG2tL3tUvYw925KAf+Wzik8DLvbur
peVUMEKMhdomNgpoU1J4mY6NLd/yiwlYc93gkAhwfb63lCV1pv9cSCbGLrUm75uRaMltH/psSZm4
Y/swufC0+VHc1ItpWW/qZTQ9mH/OsNr/4zDdjuVrnzXl5Svl8tgqvTdU/2Ih3lVVe0658MPpuegG
gYz2l00+teA6mWEJpwuLcFjSLcAnfU1HzlPHSRrb5t9/MTw+xtMc7lRSnGON8t21jzQDnnMxYjjk
k/jVWinpTMGVMZ7uvEBYZ5wUVLKmVXQWl7QJw8UYW9ZdS9pHgc6tl+/Cn0UODL0jNz6N+OC0lsr1
e1a70tn12R7WukrNp0+f/gMWaEx/
===END CRASH DUMP===
