Prismarine Crash Dump Sun Oct 15 17:11:31 +06 2017

Error: Declaration of MyPlot\MyPlotGenerator::generateChunk($chunkX, $chunkZ) must be compatible with pocketmine\level\generator\Generator::generateChunk(int $chunkX, int $chunkZ)
File: MyPlot_v1.1.4.phar/src/MyPlot/MyPlotGenerator
Line: 0
Type: E_COMPILE_ERROR

THIS CRASH WAS CAUSED BY A PLUGIN
BAD PLUGIN: MyPlot v1.1.4

Code:
[1] <?php
[2] namespace MyPlot;
[3] 
[4] use pocketmine\block\Block;
[5] use pocketmine\level\generator\Generator;
[6] use pocketmine\level\ChunkManager;
[7] use pocketmine\math\Vector3;
[8] use pocketmine\utils\Random;
[9] use pocketmine\level\Level;
[10] 

Backtrace:

Prismarine version: 1.2 #0 [Protocol 137; API 3.0.0]
Git commit: 0000000000000000000000000000000000000000
uname -a: Windows NT DESKTOP-U4NNI1B 10.0 build 15063 (Windows 10) AMD64
PHP Version: 7.0.17
Zend version: 3.0.0
OS : WINNT, win

Loaded plugins:
1vs1 0.0.5 by  for API(s) 1.0.0, 1.1.0
AntiServerStop 1.1 by paetti for API(s) 1.0.0, 2.0.0, 3.0.0, 3.0.1, 3.1.0, 3.0.0-ALPHA1, 4.0.0, 5.0.0
Broadcaster 1.16 by EvolSoft for API(s) 1.12.0
BuyXP 1.0.0 by LordHippo for API(s) 1.0.0, 2.0.0, 3.0.0, 3.0.0-ALPHA5
CheckID 1.0-Alpha by XxD7omGamer for API(s) 2.0.0
ClearYourInv 1.0.0 by Martin77Epic for API(s) 1.0.0, 2.0.0, 1.15.0
ColorfullBlock 1 by BoxOfDevs Team, Ad5001 for API(s) 2.0.0, 1.14.0
ColorMatch 1.1.2 by CreeperFace for API(s) 1.12.0
CustomAlerts 1.6 by EvolSoft for API(s) 3.0.0-ALPHA5, 3.0.0-ALPHA7
EconomyAPI 2.0.9 by onebone for API(s) 1.0.0, 1.1.0, 1.2.0, 1.2.1, 1.3.0, 1.3.1, 1.4.0, 1.4.1
EconomyAuction 2.0.2 by onebone for API(s) 1.0.0, 1.1.0, 1.2.0, 1.2.1, 1.3.0, 1.3.1, 1.4.0, 1.4.1
EconomyCasino 2.0.2 by onebone for API(s) 1.0.0, 1.1.0, 1.2.0, 1.2.1, 1.3.0, 1.3.1, 1.4.0, 1.4.1
EconomyJob 2.0.4 by onebone for API(s) 1.0.0, 1.1.0, 1.2.0, 1.2.1, 1.3.0, 1.3.1, 1.4.0, 1.4.1
EconomyLand 2.0.9 by onebone for API(s) 1.12.0
EconomyProperty 2.0.6 by onebone for API(s) 1.12.0
EconomyPShop 2.0.2 by onebone for API(s) 1.12.0
EconomySell 2.0.7 by onebone for API(s) 1.12.0
EconomyShop 2.0.7 by onebone for API(s) 1.12.0
EconomyUsury 1.0.1 by onebone for API(s) 1.12.0
essentialsTP 1.1.1-dev2 by  for API(s) 3.0.0-ALPHA5, 3.0.0-ALPHA6
Fly 1.0.0 by iiInfinityHD for API(s) 2.0.0
FrameKeeper 1 by KhoaGaming123 for API(s) 3.0.0, 3.0.1, 3.0.0-ALPHA1, 3.0.0-ALPHA2, 3.0.0-ALPHA3, 3.0.0-ALPHA3, 3.0.0-ALPHA4, 3.0.0-ALPHA5, 3.0.0-ALPHA6
GameTime 1 by FaigerSYS for API(s) 1.13.0, 2.0.0
iProtector 3.1b by LDX for API(s) 1.9.0, 2.0.0
ItemCloud 1.3 by onebone for API(s) 1.4.0
KillChat 1.0.2.MOD by Array for API(s) 1.9.0, 2.0.0
ManyWorlds 2.2.0dev1 by aliuly for API(s) 2.0.0
MineReset 3 by Falk for API(s) 1.0.0, 2.0.0, 3.0.0-ALPHA1, 3.0.0-ALPHA2, 3.0.0-ALPHA3, 3.0.0-ALPHA4, 3.0.0-ALPHA5
MisteryBox 1 by ISAAC300, ProjectTeamPHP for API(s) 2.0.0
MOTDShuffle 1.0.0 by TheDeibo for API(s) 3.0.0-ALPHA8
MSpawns 1.5 by EvolSoft for API(s) 2.0.0, 3.0.0-ALPHA1, 3.0.0-ALPHA2, 3.0.0-ALPHA3, 3.0.0-ALPHA4
NameCorrector 1.0.0#build012 by PEMapModder for API(s) 1.8.0, 2.0.0, 3.0.0-ALPHA5
Nicknames 1.0.0 by Kairus Dark Seeker for API(s) 1.13.0, 2.0.0
OreInstantDrop 1.0 by ScandiePlay for API(s) 1.12.0
PlayerSize 1 by SoiCon for API(s) 3.0.0-ALPHA7
PurePerms 1.3.7 by 64FF00 & ProjectInfinity for API(s) 1.13.0, 2.0.0
RealTime 2.1.1 by Guillaume351 for API(s) 2.0.0, 3.0.0-ALPHA5
SETVIP 2.3 by MCPEVN TEAM for API(s) 3.0.0
SimpleRules 1.1 by KhoaGaming123 for API(s) 2.0.0, 3.0.0-ALPHA5
Slapper 1.3.0 by jojoe77777 for API(s) 2.0.0
superBAR 1.6.2 by FaigerSYS for API(s) 2.0.0
SW_svile 0.6 by svile for API(s) 2.0.0, 3.0.0-ALPHA7
TimeCapsule 1.1.1 by Falk for API(s) 1.0.0
VoteReward 1 by KhoaGaming123 for API(s) 2.0.0, 3.0.0
WorldProtect 2.3.5 by aliuly for API(s) 2.0.0, 3.0.0-ALPHA1, 3.0.0-ALPHA2, 3.0.0-ALPHA3, 3.0.0-ALPHA4, 3.0.0-ALPHA5
EconomyAirport 2.0.4 by onebone for API(s) 1.12.0
GrabBag 2.3.0 by aliuly for API(s) 1.10.0, 1.11.0, 1.12.0
MyPlot 1.1.4 by Wiez, Exxarion, jasonwynn10 for API(s) 2.0.0, 2.1.0, 3.0.0-ALPHA1, 3.0.0-ALPHA2, 3.0.0-ALPHA3
PureChat 1.4.0 by 64FF00 for API(s) 3.0.0-ALPHA5, 3.0.0-ALPHA6, 3.0.0-ALPHA7
RankUp 0.3.1 by Falkirks for API(s) 1.4.0
SkyBlock 2 by no name (edit by hugoDZgamer) for API(s) 3.0.1

----------------------REPORT THE DATA BELOW THIS LINE-----------------------

===BEGIN CRASH DUMP===
eNrdPA1z27aSfwXjdO41N5IsSv5I1PO9cWyn8TW2dZaT9PWpk4FISEJEEixBWlY7/e+3uwBJkFZs
WfGb3l2mHYtLYLFf2C+Q/GMnk5HYGXj73Vfdg/1Xr73WjkhTle4M/tjJVgnc2jn7fHJ1MTx/f/b5
7Pr66nqntRMJrfkM750KP+Qpz6SKmZqyi9UwVNl4bP7+KGIB91Q6GMzMT3Eyz+PF99/5+OfnFjM/
fnnJolxnbCKYr6IEsE1CwZYym7NE+QuRRTIW43EobkU4Hs8KrOPxVxeQccbKRaqLX14C8VMZIuWG
xM+3Xsfr7HWSOU93dervGvBugwGYFgINO4Pun62dJMxnMi5RwD1fBQIF5gHwP/6ezBOA9eB3zEFS
CfeFFcwPAO8DHP7swZ9cixqDkxAuxuM3+AeH7q8Z84AQcMrB16eQZC54DIqjoYdrhkY8m4/HH4UP
6Po46NWaQXkmQz0eX/M4UBEOev31Rd/jHxzjdZFvkF6Wgjx2Bv/8tbVjmAhRcigpGDBMpY54iqJu
7dyKVINdAdjr9OB6ksswABWABlKVKV/BTK9/2NrhiYRB/U6304VhM5nBVXfDfzAh5YtQTnBO5xVh
yC01nyRwuNTs8oadno1+urkatj/sXV6ee2+YB2sxIojB1jnos++LwV73JTu+OD3YA0RoCYOdQyDM
O4TL30UcOITC3c9K4zrnl5c3AKCLJZhWaWSarOpWe46M6NKVDmDr7AOE59lcpdrIlmTyT5CcWQut
vLsDcBFz2FxAxpSHWrR2ApEAVXaSVtPs1AVE3Bi6jOVU3kk1HqtY3GqFGr6KxUd9RZoKFUfGhlej
m09X1+9PAbQUEy0zYZV+HGdyJFKgeZSpxGGmcaOudK/G1E7CRZbJnfvM9ezfvvPXo79eBW8fvx++
O0bwnh22T3+3lUmdcnB5CN5AFG9SGOFznYnUkYMLbQjhoC6Fs1sVjoCmmhy8XoOTLM03ZcRZusnF
6Ob4+ubDsMbDPMuSwe7ucrnsCCAFsXayBXGWr34eujzRdZ0bI3mHnfcqDd7JJFFNvbZYz/zpO3+M
Eve3VtokX909QVcnc+Evzk8dngpIg6v2cQgRpM7Zz3enhyr6EealDm+9bzI6u/wTOAgFT/+h8vQ8
vnXZcMGPaOiCp5mMDw/PEuk/sPnACPe/hTOHoiewp0KVTvMwpJjpMli/UWOxzt4bdXc1PQWnxm4E
j+DecbDf7Xr3VEYc7n0Dh+VCEIpr1D2R3Que+fMmqwbY8BwUNR1WT1IBdKVvMQA/6D2epLhyectX
Qcrj3EDOp6LjUKSZdvlxwXWOHneFNS9R8/yH2/pHlx5gsU7dVo7yzFexilbHw3OHbQfoMo3G97rO
NkTfCfy/87Uoj3975V+P/vbtdd9e79nrvY63teYtHeOxMKQDMeNxjY1HTaAYnfsZsXtPGvZGUyK9
v1AirqaeIh3DSiWhkrVNpXTCtYzVfSFZ+P8DGfnESSmikrFNJfRfanJfPAhsymbv/8aO+qImpTAM
G5tK4j3HUqMpCoJu4V0eDxBbKjwEgkoOLXWbsjhMFQSzbHWfzfJOk9WD52TVkrsd44klsWTeoXlj
AYzmtVqqBt7CG3xTGnCPQT3HqqhB06asjUQY3ueMoE3GDv9C89VAUMmjpW5jFtcqb63u/lIWXTU+
UYsfdJ6u2Z4G3Kw6vL+QyRwpKrks6HuUTaG1iDMJRNy4dW8N3EzJvXYgbntf6dZ8PXs92HpjutQA
w3XaHmXxbegqEK8eqRalPI+nMpbZ6t3ps5W9sO7mRdLbFIj9iSodl3QH+kA1+NNccSjZZTzzev1m
XVFrLdVaSs5lr37Zf/Byr375bEp3uMWm7maCw1bFDZ0GlFIrQQ+I7C2XM5GO/jGq79W+0x3Ymo0C
9XhcULK5HUgIqRl1sh2GHKDLEiRxk0Zf6vTnGj+vn4EdwDkeVxRsxgqWkRrqyJnM5vmk46toF/C0
L06GZ7sON8DweSaik1DlbuJXwer7tv+4t917jmwAeIh8XN8wexJyrTfhGBi2ODqR2LXN8N2/mx9H
JVZk+ycZhidznjlcl6Cms+p1Lq5Oa6yD/Yb8Vubaw407TPldNpc6Vrf+PNv59bktoI5/PC4IrX5t
YtkXPF59UmkYuG0TB1jPH4BiCDmNTctDmYMzfy4HbdChq4lXSyJia+O+yGU6lSIMdh2OkGkZi2uh
havnClbbzE3/FC4eOzTYwpPfc93byg7GLmS6AInhyVmK7IDwHM4etweJzfvVG3VXk00JfMB5n4+O
j0/6dAwGvuQL+BLsgg7fDZ/NNKLJ5hHo4urmdDTPp9PQDUIu9JHs42YuToWcqPUdwVfbtgAdCjY5
IiFWRglfxrUNaiF1FvYfbWl+u6Fuy7UheNNDIb2+2XkJ3J+oNG1G4jr8nl5f0OFq12vUrcOzC55c
qCCoHap49uB2jai235fOUuNxjdrG5SaWfSn9BT0N4EqghD1i1T9xmeaanfJ0wUZCLBq8P0uqVRKz
eYJ1lYrzWGc8zk7TWi3buNHgrs7byOdxIMUw5Kvna0bgn89TFZLq7lHzKGNIDKSd8nfXCznAB/zp
SMkTgK91P4db82OwjscVDZtraZinYijSyLW8CtbICputhoO9t2+7XfZvzAaHorZ7fvv7bJYCHgva
nJ9bpBE016aNFR6Qx7XgYaPKKUH1xOneAwg/gksKeR6J/r73sIPe3usUtDwhX0auRmc3H8/dJoQF
1DlqZEZYQ3y8ZDdnxxf3St2tHxUhnOPxSGQf5Ua7bSSjJBTXeVhzji70wadCvlaxP6tWaosAcxVx
m2/EUciTek+igDQ3YcNFflFflDjEf8+WlGmz8tZJekXSbsEEcKhz+PHm+NphsQQ1DnKb/eh1TYRn
6x0URFS/tmC5ohB1+emzvpW1LLUE1R/Nahw5mCEPWunWB9WEG3hcgoF+ijbKUtHTnPBE5zVWXOi9
/uUGxdW2KnPWHY/rRDy6uz6qDAqmJU/d7ocD3KLnV3+s7JlcR0XS5p6DimDb6nG4q4Ebjr5ZV3yl
3v8Xlb9PMNqic0Bdg8Qw85SKY23noHoQtV20jrJUiN2InnLbrQnOeQpBpolKszVPIdgbW5wi/8uO
LLihqXqcoKTx8T5vyidv+Mxt81pI04i6jxgR8Fcekxfn5Fsk7uBFdHaT8lhPTWnTsI0ZkDfhs62j
FQ/FF6gyUgX4HrONQhRYwpvHu50Kvnjeu+4SG2bwSYrf8Vz47o6n5gGPL1yreLmKY6+7Zgf21j+l
+tBOfNJeqz9ZNCT2L8CU8CjnrDwOGp45gq8/xv94GMEEu9GCLUF1ae01bcqk/TubnYG1nlBOOUXO
OoOjh280OAFA+rO4lSoHEbQL+M5XChPTq3V4+9ayhNBgVcLjxQe3hraAejLRXxd+sXf4jY37h0yk
JkYrE9iqizyhVwAMkY8nv4tV8xHNElTzOnX+YsVwNPteBDJjkxWb5zN1+ssMH6p92TAa79mY3nYj
4GP7HE/ewJEUS9IT4h37uIfEEmfnxbC8YlDWT+WM4Tsp43QcvxjlMbvyM+btM+/VoPt6sOex85Mb
1ut6hzjA4GujUI7ewtiTlE8zvBGpLKhD7FCMCkfea6/fQ6CK8T2WdqQCcaSmUwTRmxoGIzX83n14
w04VPrmcrtjHfjUEXwc6Oj17e/zh/Q1CUQuEqEsE8DtwqNif0Ec9gmjE1rYxHdRrxvE4VnnsCzu4
zf25BPQR+CFdkLScg0jbodRZATF6bf+Wi3R1pGIHlIIWLYSHoVq2p6GczcuJhggeywgMwo4zsEhN
CsBUpUBQyY+dOockzVdpeZ3cJnZ8IKdT6edhtjrySBLFKzhtja8oxDN9VIlNCxHQJVLaSaCgh1wn
OPp3+gdE55lqa34rLO5bKZbtQGLDyhdHrxCE74qUUauzikI0IobBkPlkP7l9AwvNiAEzzFozqvpi
CGbFbuZCC1ZQx3gqWDYXDMxdww+eMR/1Qq9gydgP80AE8IPdM1/ENVKwI9UUETRxaj4VLabgTqoR
JZukgi/YSuWpxcXklIGQJSRquIJvmqgQ5QHxpViW6HYDMeUgYc2WKv5bxrDI5ClDaUXArA+6XgH5
DE/TDN/LuYhZnkCyEACCzjjGLWCQDcYxe3EzhzDfDgEEVIQ8nuV8hi+cBUZkdrtoCdfgliD3+J2E
ilPpsXvDRX0iEFA4eRF3lnIhE/BUvKPS2S5e7b4HRX5W08/no6vPB/3X7d5nnAdiLBEN2Bi81my8
gwt9mguUHcsU0BMHDLhkOktJvhkmSCHPQG50m6RJlAId8EtkpNIAgpkv2BwSnpCUHAFiY+DVkuQd
7YKFlpme5xkL1DJuESK7mdlSAhEzwL6QYFRAE9BFUof/lmg6NEDP1dLoQ6Ad+CDrGHRASBFn274z
iOya12aYHyotAsP4MW5dhjseeGU2MWO3krP/xi0PQ2jrFynbgGHagxNHuC7HfaAV8GtXMcbALSKW
azBzCAVgaiQ/cPkwEqJMgJqobrSBrAkQVaE/IydT4EHW0SMw2BBgc0gqxCRrqTDcuqTyritoFBJ4
3xXjQcBSoY1tI5lgzQsgh2uItOgGUbATgfIAtYrfch6iwmfyFsbe8jCHcGiXhLDwEpCb9cAVCnT2
bbCX2UykA7iLK1/m0QSkDRv2WK9i/4brBeypdAG6RQW9+ABKoB1QMImj5inExhyMDkbrFqPqjFk3
B5uiRS9qAhcYtkksEAcRFuUx7E0cQrhHZJTAD2zfVN2BE84EiADYoc0Ul6ShVA0551P0ATgE93qL
yexvILkspVmBwFhC5tmYy74HDvAlxB5KhHhoWy4HhKnSpqZxMBGiIeoqME9it3DrgNgT0gEdP+kO
+3R8fXl++eOAnV6xy6sbq2LDVA4eXmtkxTg/0B9dLGLQHW2N4lagjEsqLCQTZOilfUD4hNCTrshR
/RiqCegcsxVmwLAxIsh/QDmRmPHJCqZ32MhIqUtykRrxGjcn7Z61dsAwKBo8hWloUtlUAmXgo4Hr
mFBNYdMWKxrLBDnntJ9mCsSmcNci57DOjIhsE2ED1h2Tn6SQlIGf5cH/cvIxv3uAeAz930S8zlRC
61vfWtJjsWm0FswFwAFaanDNgiSv29szVEHqLRXFYnQTGhf0KRpZ6kpX4MFS4AUDNH8a0cbXoY0T
oBimoNCLwXmA3NBxfU2sRpyQgYUU3tANmWFjyjYQBziGyskYT4krXKF3w/BOwzv3ByPbNkEHESbC
xyxAk1iQViNjM7dkACQpEl2x2e9aPvXLtQRZrvuG6xlPJ6D/tq/C0CShuMPWSpXMCUmxc5idA24l
4nFO+YZLBeRiOdjCy1bhrhrGYK3BuPzptHBbUWVlHXZlgj1daQyheRiUhEhwbsuYVaSj3bKEKAcG
D7pdwyN78ZZ2wj23TbZiZpdMTVMVFd4f59r7bddhOjoFJqzqmqawxn6ceVgM0Bv32sj7goPvzyOI
e3EAyIr0FrmxeYbZIdUSaCsWL20RRujamNzl4NH3LHmnytxoao2+RxAXGHBoYR8Gjx32DKxSaGz7
UMYIw6w1gWIhvFHmEw+iGsexyFAFZboKFhGa2DzBl+ooNeKY2Wv8qgGzzoj2nUnG7V3jg+znFDBK
kwhfuF6ruIP7PV1liLvF2p5jwxiuaNl2VpAC3mT/wDiTKvpTlYMhNTA6xMSVMiOcC0BLU4e9g7oM
xHvEPmA6doF51MnwQ4u9RzKODOANuKClDLI5DAJ10hYvl2rTUkCETVuqhEaTkJyhHXYcwJaa83CK
DxKaHCsQYGotRkEbVmZYzKO2nT1Z5g4OLicbvMPth/kBD1tma+O69tX/DgMLErTtMMH4MIyHRRpT
lSyYoeEkOgHAeiVO2vaynhAEYpLPjCWoIuvAeJGSbYs74ecma0H3g18W6JR3NRoHJVjJPOnIWCIZ
HrFWjDDb8hNPY/TYzkzMVqyPRiwWAeRGEDmQmWpkxGGTRqDdDGWY5jF+SQR3NLAT0e4GzIW7x+WA
x7gtp20LqzZFkWWDCtQSTUfc+SIxq5hEvlp1yiWInuybyn2mJhmoD2dFaECQIcIIIp7oKD0B+N6p
uVNia0GWlxEfPkeN8SJa+ynXc6LZSUdNRwkGIR+4XrHJUi41LQihCg1qWjGC6UnBC+GjO+0S5hQI
sNB/Mg/zXaegIiMoihpSK/Jhi52x3XsD0m2Z3O6Cb81y8BC7M9/sH9BGoCs/YxzuwBS2CsodFHJR
doqi4CGnHPAMhMJvbfaKbYqib4O3ShVyUD44PMGzQSE1Ky6bylH2DhuKkgudCFtHxsoPZcJoJuyf
i1IVkbotaiGdC20+BqOx8UAfSUG7kP6crBXbFitQkWlShGSUIU22dmfaQgVGQ6Z2rK8iFi1YmxVM
50IbkVBmX9TDxZqEBwXjkP1s1KIxcSLBcQlFP6nW1BBF/cmMvZt2Dg21cSDXth6GohyrXCp5aUrb
TBmwBEzkVoZUidfclT/nMURVi468KGVlIBb0mrj1IMO0WRRGc5OcoUlgXwvhNiMrDL0OLxJeU6qO
MHahhU+4Fs5q33sQH9Ys02I9uOGtuyEyv/OSIpgWLhm0VW4QM/ZWCp0KiNJmPbRQIy3qYlXtLYyK
5HCwgkBN8XDJV9rgtngcXZnob2Nh4catNK2XiVH4YTMnahWjao3Atc04qpePIwWul+pgSrgw/pK/
KnhDqSCR2CiAfYs/bQi9pmTKmUqmEwvTYZoIg2oipuhYqWmKPq3qDaFHoFaqk5WBEsFJGFcqsYkm
sGWSrGzD0GZrZaZP8XNKR29F4mCD+zQPaZjSWbhqo0+Tvkm2KCik2KXLiPiC0S8KuxcmzdZ4aoDb
GT0gpmBFOlrG8jX5Q0EycmklYsCx7SgWuYFJRcVvsNezezpHARc6h7yX8aaCQIE+5WSV2dV04x2s
VQ5PAU9ATS3yzaAiO9Wat9FBH8MCdsDbeQI+WlRGyXz8xoYxWOy0VbI4P6WFrLNCF4X2YyI57ED8
zhOzbDETyIokl6a4LLMXbdiUL9gMQqiuhFK1jgq5dO4Lxoa3JZfUBQTxmqQDLLH4vFdgOoG5aGsw
LWvHT8aWqCQPLTb7G9PLBuJxTG6lnZhgac4Q2mTxaOtYfoF5YtRPS6hnPRxGygEzNVphgCD9OE8G
7DUCzcYh72eSMYsJcBx2KQ6YIwtAuW+SJ1ymBBKMRxMJO9QMsScJpgc4MN4U25WYyjADNeZszc/s
tDIXK2wEjb2NPerSOghSBp0aFLJDTLOq2XOFZmXSJ+fIAuoaIjBW8SrCYp22swbx6pJS7D7Y26y6
TRRTFsJns1TMbPex7OtiyYdfFFs02LFUGnoQnV5DT5kaIQ3vhO3e4bGFT1/5AEMoM0I7lKilzsWq
gNEJJSUK2GBK8fwgc6IyZo/orormZqwsdtvLldiZngJVptDjBdpWDUuRa2KZRZgur27OBuYopqDN
OcOx2zOglaFEyDH7MKEV8g0wBY5bBQ9/QrkQmDKqBBLGVGBJZIJnlSU4zXbgpWSSyDfhpZAErobj
3mLj+o5jZtNiOckZHzOwwcP0tokjSycr3vCipHDXHgcjJvvTyZPLE4DS7YKbL/Mhm9DiMqj7ohZD
yWI8RRKoMLJzikZ8p7QVe6OTRBFUPorMNpSQRBj8Z4Yrc4EpOqxU0ujQjfsfhTpg/6SkGVKHFjUF
f0WMJozRtmejxQoKCn0OI3+tAdZA7oM+NiEVQC9W5J2rEXl6K0FrZl2G55IQLvp9c1meYQ5YccaL
8ASibImh+r6PBb1onCuSUmvboERLG2FdFkM6p9RKU0VOpRwoRYKcbeLpSJ4ET/KjX5aLvS6lHi4T
b98f3wx6Pxy29l/fea3+Xb/V+8H7IYD00MSh7/GpHx9jxtGrrglX5mpv/yUduYq7DDJ/ehpk8MfO
CeRA7rf8Jj5+K9GF4EFcHPC0BrOf0CwBGJHd66kM6UNwFWQOvrN8UUJCMnvr3v2iaw/SRH66SjJ3
wGj43r1M/DrZ12Jq22MuVJtGRw0ELiKgpykrWLTSv4X0CUP7i+En9LwevtLO2viMwn53r3sIP787
B6VM9v39192DYG+/J/DXYb/HX/cn3X1v2n/VOxTd3uHe68mrPvsOcGdqIWJwuDVZ/C4T84yVeZ7x
d/OZxvI2XN7RYXglXhXhQyTdbt/zevhhk+HplXsfbC7WujbFPMv980VNbA20yyC4a9zGZlGdWAAu
U9nQ5ieo4FIxtU/v4DOUfp6G94Qqa6KH60z0ac4hyhZhFLx0beLEnAy7sBUnwotHy2ZR7fuTie00
mxee6dHk4ZwMtvhCCHjqz4HKYlGzqV8wkbgaUhpTwf/8838A7I1dBQ==
===END CRASH DUMP===
