Prismarine Crash Dump Sun Oct 15 17:12:30 +06 2017

Error: Declaration of MyPlot\MyPlotGenerator::generateChunk($chunkX, $chunkZ) must be compatible with pocketmine\level\generator\Generator::generateChunk(int $chunkX, int $chunkZ)
File: SkyBlock_v2.phar/src/MyPlot/MyPlotGenerator
Line: 0
Type: E_COMPILE_ERROR

THIS CRASH WAS CAUSED BY A PLUGIN
BAD PLUGIN: SkyBlock v2

Code:
[1] <?php
[2] 
[3] namespace MyPlot;
[4] 
[5] use pocketmine\block\Block;
[6] use pocketmine\level\generator\Generator;
[7] use pocketmine\level\ChunkManager;
[8] use pocketmine\math\Vector3;
[9] use pocketmine\utils\Random;
[10] use pocketmine\level\generator\biome\Biome;

Backtrace:

Prismarine version: 1.2 #0 [Protocol 137; API 3.0.0]
Git commit: 0000000000000000000000000000000000000000
uname -a: Windows NT DESKTOP-U4NNI1B 10.0 build 15063 (Windows 10) AMD64
PHP Version: 7.0.17
Zend version: 3.0.0
OS : WINNT, win

Loaded plugins:
1vs1 0.0.5 by  for API(s) 1.0.0, 1.1.0
AntiServerStop 1.1 by paetti for API(s) 1.0.0, 2.0.0, 3.0.0, 3.0.1, 3.1.0, 3.0.0-ALPHA1, 4.0.0, 5.0.0
Broadcaster 1.16 by EvolSoft for API(s) 1.12.0
BuyXP 1.0.0 by LordHippo for API(s) 1.0.0, 2.0.0, 3.0.0, 3.0.0-ALPHA5
CheckID 1.0-Alpha by XxD7omGamer for API(s) 2.0.0
ClearYourInv 1.0.0 by Martin77Epic for API(s) 1.0.0, 2.0.0, 1.15.0
ColorfullBlock 1 by BoxOfDevs Team, Ad5001 for API(s) 2.0.0, 1.14.0
ColorMatch 1.1.2 by CreeperFace for API(s) 1.12.0
CustomAlerts 1.6 by EvolSoft for API(s) 3.0.0-ALPHA5, 3.0.0-ALPHA7
EconomyAPI 2.0.9 by onebone for API(s) 1.0.0, 1.1.0, 1.2.0, 1.2.1, 1.3.0, 1.3.1, 1.4.0, 1.4.1
EconomyAuction 2.0.2 by onebone for API(s) 1.0.0, 1.1.0, 1.2.0, 1.2.1, 1.3.0, 1.3.1, 1.4.0, 1.4.1
EconomyCasino 2.0.2 by onebone for API(s) 1.0.0, 1.1.0, 1.2.0, 1.2.1, 1.3.0, 1.3.1, 1.4.0, 1.4.1
EconomyJob 2.0.4 by onebone for API(s) 1.0.0, 1.1.0, 1.2.0, 1.2.1, 1.3.0, 1.3.1, 1.4.0, 1.4.1
EconomyLand 2.0.9 by onebone for API(s) 1.12.0
EconomyProperty 2.0.6 by onebone for API(s) 1.12.0
EconomyPShop 2.0.2 by onebone for API(s) 1.12.0
EconomySell 2.0.7 by onebone for API(s) 1.12.0
EconomyShop 2.0.7 by onebone for API(s) 1.12.0
EconomyUsury 1.0.1 by onebone for API(s) 1.12.0
essentialsTP 1.1.1-dev2 by  for API(s) 3.0.0-ALPHA5, 3.0.0-ALPHA6
Fly 1.0.0 by iiInfinityHD for API(s) 2.0.0
FrameKeeper 1 by KhoaGaming123 for API(s) 3.0.0, 3.0.1, 3.0.0-ALPHA1, 3.0.0-ALPHA2, 3.0.0-ALPHA3, 3.0.0-ALPHA3, 3.0.0-ALPHA4, 3.0.0-ALPHA5, 3.0.0-ALPHA6
GameTime 1 by FaigerSYS for API(s) 1.13.0, 2.0.0
iProtector 3.1b by LDX for API(s) 1.9.0, 2.0.0
ItemCloud 1.3 by onebone for API(s) 1.4.0
KillChat 1.0.2.MOD by Array for API(s) 1.9.0, 2.0.0
ManyWorlds 2.2.0dev1 by aliuly for API(s) 2.0.0
MineReset 3 by Falk for API(s) 1.0.0, 2.0.0, 3.0.0-ALPHA1, 3.0.0-ALPHA2, 3.0.0-ALPHA3, 3.0.0-ALPHA4, 3.0.0-ALPHA5
MisteryBox 1 by ISAAC300, ProjectTeamPHP for API(s) 2.0.0
MOTDShuffle 1.0.0 by TheDeibo for API(s) 3.0.0-ALPHA8
MSpawns 1.5 by EvolSoft for API(s) 2.0.0, 3.0.0-ALPHA1, 3.0.0-ALPHA2, 3.0.0-ALPHA3, 3.0.0-ALPHA4
NameCorrector 1.0.0#build012 by PEMapModder for API(s) 1.8.0, 2.0.0, 3.0.0-ALPHA5
Nicknames 1.0.0 by Kairus Dark Seeker for API(s) 1.13.0, 2.0.0
OreInstantDrop 1.0 by ScandiePlay for API(s) 1.12.0
PlayerSize 1 by SoiCon for API(s) 3.0.0-ALPHA7
PurePerms 1.3.7 by 64FF00 & ProjectInfinity for API(s) 1.13.0, 2.0.0
RealTime 2.1.1 by Guillaume351 for API(s) 2.0.0, 3.0.0-ALPHA5
SETVIP 2.3 by MCPEVN TEAM for API(s) 3.0.0
SimpleRules 1.1 by KhoaGaming123 for API(s) 2.0.0, 3.0.0-ALPHA5
Slapper 1.3.0 by jojoe77777 for API(s) 2.0.0
superBAR 1.6.2 by FaigerSYS for API(s) 2.0.0
SW_svile 0.6 by svile for API(s) 2.0.0, 3.0.0-ALPHA7
TimeCapsule 1.1.1 by Falk for API(s) 1.0.0
VoteReward 1 by KhoaGaming123 for API(s) 2.0.0, 3.0.0
WorldProtect 2.3.5 by aliuly for API(s) 2.0.0, 3.0.0-ALPHA1, 3.0.0-ALPHA2, 3.0.0-ALPHA3, 3.0.0-ALPHA4, 3.0.0-ALPHA5
EconomyAirport 2.0.4 by onebone for API(s) 1.12.0
GrabBag 2.3.0 by aliuly for API(s) 1.10.0, 1.11.0, 1.12.0
PureChat 1.4.0 by 64FF00 for API(s) 3.0.0-ALPHA5, 3.0.0-ALPHA6, 3.0.0-ALPHA7
RankUp 0.3.1 by Falkirks for API(s) 1.4.0
SkyBlock 2 by no name (edit by hugoDZgamer) for API(s) 3.0.1

----------------------REPORT THE DATA BELOW THIS LINE-----------------------

===BEGIN CRASH DUMP===
eNrdPIty20aSvzJFp27jPZLiQw+bOd2WLMmxLpbEE+XHJkyphsCQHBPAIBhAFJPKv193zwAYQLRE
0drK3ansItEY9PT7BYB/NFIZisagu9d51dnfe73XaTZEkqikMfijka5iONU4vTm+PB+evT+9Ob26
urxqNBuh0JrP8NyJ8AKe8FSqiKkpO18NA5WOx+bzRxEJOKeSwWBmvorjeRYtvv/Ow4/PTWa+/PyS
hZlO2UQwT4UxYJsEgi1lOmex8hYiDWUkxuNA3IpgPJ7lWMfjr24go5QVm5QHP78E4qcyQMpHi9Wb
ALDf3Pba8ZwnOzrxdgzdOzXy4aIAKGgMOn82G3GQzWTkIICznvIFCqwL4P/4RzyPAdaD7/DRh4+I
g8Bi7gkrnx8AvmtO78FHpkWFzwliHY8JOS7dX7PmAVngJQdfv4QEdM4j0B8tfbVmacjT+Xj8UXiA
ro+LXq9ZlKUy0OPxFY98FeKibmcjQidShXDiDX780ACJpgmIpjH45ddmwywLUJYoNMA3TKQOeYLi
bzZuRaLB0gDcbffgeJLJwAe1gFYSlSpPwZXd/kGzwWMJi/rtTrsDy2YyhaPOhn9wQcIXgZzgNe1X
hCGz1HySwOxSs4trdnI6+un6ctj6sHtxcdZ9w7qwFyOCGDjTfp99ny/udl6yo/OT/V1AhLYxaBwA
Yd0DOPxdRL5DKJy9URr3Obu4uAYAHSzB3ArD02Rnt7rryIgOXekAtvYeQHiWzlWijWxJJr+A5Mxe
3TZ8awBcRBzcDciY8kCLZsMXMVBlL9Jqmp64gJCT8Z/LSE7lnVTjsYrErVao68tIfNSXpKlAcWRs
eDm6/nR59f4EQEsx0TJFepGboyiVI5EAzaNUxQ4ztRNVpXcrTDViLtJUNu4z17OffeezS5/dEt46
ej98d4TgXbtsjz63lUmVcgiCCN5AFG8SWOFxnYrEkYMLrQlhvyqF01sVjICmihy6vRonaZJtyoiz
dZ2L0fXR1fWHYYWHeZrGg52d5XLZFkAKYm2nC+IsW30eujzRcZUbI3mHnfcq8d/JOFZ1vTZZz3z0
nQ+jxL2tlTbJVndP0NXxXHiLsxOHpxxS46p1FEBWqXL2+e7kQIU/wnWJw1vvm4zObv8EDgLBk3+q
LDmLbl02XPAjGjrnSSqjg4PTWHoPOB8Y4d63cOZQ9AT2VKCSaRYEJjc7DFZPVFissvdG3V1OTyCo
sWvBQzh35O91Ot17KiMOd7+Bw2IjyMoV6p7I7jlPvXmdVQOsRQ7Kmg6rx4kAupK3mIAfjB5PUlyx
veUrJ+VxbqAKVOFRIJJUu/y44CpHj4fCSpSoRP6DbeOjSw+wWKVuq0B56qlIhauj4ZnDtgN0mUbj
e11lG7LvBP43vpbl8bNXfHbps2+P+/Z41x7vtrtba97SMR4LQzoQMx5X2HjUBPLVmZcSu/ekYU/U
JdL7CyXiauop0jGslBIqWNtUSsdcy0jdF5KF/z+QkUecFCIqGNtUQv+lJvfFg8C6bHb/b3jUFzUp
hGHY2FQS7zm2GnVREHSL6PJ4gthS4QEQVHBoqduUxWGiIJmlq/tsFmfqrO4/J6uW3O0Yjy2JBfMO
zRsLYDSv9FIV8BbR4JvKgHsM6jl2RTWaNmVtJILgPmcErTN28BearwaCCh4tdRuzuFZ5a3X3l7Lo
qvGJWvygs2SNexpwvevo/oVMZkhRwWVO36NsCq1FlEog4trteyvgeknebfnitveVac3Xq9f9rR3T
pQYYrtL2KItvA1eBePRItyjlWTSVkUxX706ere2FfTdvkt4mQOxP1Om4pDvQB7rBn+aKQ8suo1m3
16/3FZXRUmWk5Bz2qof9Bw93q4fPpnSHW5zvbiY4HFVc0/2BQmoF6AGRveVyJpLRP0dVX+0704Gt
2chRj8c5JZvbgYSUmtJQ22HIAbosQRE3qc2lTj5X+Hn9DOwAzvG4pGAzVrCN1NBHzmQ6zyZtT4U7
gKd1fjw83XG4AYbPUhEeBypzC78SVvXb/uPRdvc5qgHgIfRwf8PsccC13oRjYNjiaIdixw7Dd/5h
vhwWWJHtn2QQHM956nBdgOrBqtc+vzypsA72G/BbmekuOu4w4XfpXOpI3XrztPHrc1tAFf94nBNa
ftvEss95tPqkksB3xyYOsFo/AMWQcmpOywOZQTB/rgBt0GGoiVZLImJr4z7PZDKVIvB3HI6QaRmJ
K6GFq+cSVnHmenwKFo/dNNgikt8L3dvKDtYuZLIAieE9tATZAeE5nD1uDxKH96s36q4imwL4QPA+
Gx0dHffpNhjEki8QS3AKOnw3fDbTCCebZ6Dzy+uT0TybTgM3CbnQR6qP67k4EXKi1k8EX207AnQo
2OQWCbEyivkyqjiohVRZ2Ht0pPnthrot14bgTW8K6fXDzgvg/lglST0TV+H39PqCbq52urW+dXh6
zuNz5fuVmypde+N2jai290tnq/G4Qm3tcBPLvpDegh4McCVQwB6x6p+4TDLNTniyYCMhFjXen6XU
KojZvMC6TMRZpFMepSdJpZetnahxV+Vt5PHIl2IY8NXzDSPw42aqAlLdPWoeZQyJgbJT/u5GIQf4
QDwdKXkM8LXh52BrfgzW8bikYXMtDbNEDEUSupZXwmpVYX3UsL/79m2nw/6N2eSQ93bPb383Zivg
MafN+bpFGUHX2rKxxAPyuBI8qHU5BahaON17AOFHCEkBz0LR3+s+HKC3jzo5LU+ol5Gr0en1xzN3
CGEBVY5qlRH2EB8v2PXp0fm9VnfrR0UI53g8EulHuZG3jWQYB+IqCyrB0YU++FTI1zr2Z9VKZRNg
riRuc0ccBTyuziRySN0JayHyi/qixAH+PVtRps3OWxfpJUk7ORPAoc7gy5ujK4fFAlS7kVufR68b
Ijzb7CAnovy2BcslhajLTzf6Vlaq1AJUfTSrdsvBLHnQSre+UU24gcclGOincKMqFSPNMY91VmHF
hd6bX27QXG2rMmff8bhKxKPe9VGl0DAteeJOPxzgFjO/6mNlzxQ6SpI2jxzUBNtRj8NdBVwL9PW+
4iv9/r+o/X2C0eaTA5oaxIaZp3QcaycH5SOprXx0lCZC7IT0lNtORXDOUwgyiVWSrnkKwZ7Y4i7y
v+yWBTc0lY8TFDQ+PudN+OQNn7ljXgupG1HnESMC/orb5Pl98i0Kd4giOr1OeKSnprWp2cYMyJvw
2dbZigfiC3QZiQJ8j9lGLgpbOdcGiwWoGhZ365IyxWxjszs7zSc0CU7pvk6M9EiJBtMGpJ/FrVSZ
Hp62cnjjK+W2mUA6vH1rsU1osNbm0eKD2xlaQDVF9tclFZyIfeM4uvpI1ZD0fg4+hPewKmK0MgED
XGQxPeNuiHy8pMtfCnDKgPI9AceXqvxFiuFq9r3wZcomKzbPZurk5xk+KvqyZjTdpwXWr/PslOiV
1zYeKxLwWXSOt5PAO/It6bHntn2GQWLd3ngxLI4Y9KpTOWP46sU4GUcvRlnELr2UdfdY92DQ7Q76
XfbvnX3W63QPcIHB10KZHL6FtccJn6Z4IlSpX4XYpRjqDruvu/0eAlWEL2y0QuWLQzWdIoheRDAY
aYr17sMbdqLwcdxkxT72yyX41svhyenbow/vrxGKSiBEHSKA30GUwKZbH/YIohFbyyYq0K5Zx6NI
ZZEn7OIW9+YS0IciSnVO0nIOIm0FUqc5xKi19VsmktUh9PclKAEtWggPArVsTQM5mxcXGiJ4JENw
ArvOwEI1yQFTlQBBBT/20jlUHp5KiuP4NrbrfTmdSi8L0tVhlySRv8TR0vjcfTTTh6XYtBA+HSKl
7Ri6VEjg/uHf6Q+IzlLV0vxWWNy3UixbvsQpjCcOXyEIX4AoQnF7FQZoRAwjPPPIfjL7ohGaEQNm
mLVmVPX5EMyKXc+FFiynjvFEsHQuGJi7hi88ZR7qhd40kpEXZL7w4Qu7Z76Ia6TAIdUUEdRxaj4V
TabgTKIRJZskgi/YSmWJxcXklIGQJVQfuINnJoOQugDxhVgW6HZ8MeUgYc2WKvpbyrBz4glDaYXA
rAe6XgH5DG8RGb6XcxGxLIYM6AOC9jhCFzDIBuOIvbieQ+5qBQACKgIezTI+w/eqfCMy6y5awjFE
JUiov5NQ8VJ6ltxwUb0QCMhjvIjaS7mQMQQq3lbJbAePdt6DIm/U9OZsdHmz33/d6t3gdSDGAtGA
jSFozcYN3OjTXKDsWKqAnshnwCXTaULyTTHrBzwFudFpkiZRCnTAN5GSSn3IZZ5gc8jiASk5BMTG
wMstKSPYDXMtMz3PUuarZdQkRNaZ2VICETPAvpBgVEAT0EVSh39LNB1aoOdqafQh0A48kHUEOiCk
iLNlX41Dds27IMwLlBa+YfwIXZehxwOvzFYb7FZy9t/o8rCEXD+vQwYMwzteOMJ9OfqBVsCv3cUY
A7eIWKbBzCEVgKmR/CDkw0pIMj5qojzRArImQFSJ/pSCTI4HWceIwMAhwOaQVEhJ1lJhuQ1JxVlX
0CgkiL4rxn2fJUIb20YywZoXQA7XkGgxDKJgJwLlAWoVv2U8QIXP5C2sveVBBtnQbglp4SUgN/tB
KBQY7FtgLzPovwdwFne+yMIJSBsc9kivIu+a6wX4VLIA3aKCXnwAJZAH5EziqnkCuTEDo4PVusmo
5WA2zIFTNOl9ROACszaJBfIgwsIsAt/EJYR7REYJ/ID7JuoOgnAqQATADjlTVJCGUjXknE0xBuAS
9PUmk+nfQHJpQlf5AnMJmWftWvY9cIDv2PVQIsRDy3I5IEylNjWtgwshG6KufPN4cRNdB8Qekw7o
nopus09HVxdnFz8O2Mklu7i8tio2TGUQ4bVGVkzwA/3RwSIC3ZFr5Kd8ZUJSbiGpIEMv7APSJ6Se
ZEWB6sdATUDnWK0wAwbHCKH8AeWEYsYnK7i8zUZGSh2Si9SI14Q5aX3W2gHDpGjw5KahSWVTCZRB
jAauI0I1BafNdzSWCXLOyJ9mCsSm0GuRc9hnRkS2iLAB64wpTlJKSiHOcv9/OflY3z1APKb+byJe
pyqm/W1sLeix2DRaC9YCEAAtNbhnTlK309s1VEHlLRXlYgwTGjf0KBtZ6opQ0IWtIAr6aP60ooVv
/ZogQDlMRWByEDxAbhi4viZWI06owAJKbxiGzLIxVRuIAwJDGWRMpMQdLjG6YXqn5e37i5FtW5+D
CGPhYRWgSSxIq5GxubZgACQpYl2y2e9YPvXLtQRZrvuG6xlPoBsWLU8FgSlC0cPWSpXMCUmx1zB7
DYSVkEcZ1RsuFVCLZWALL5t5uKoZg7UGE/Kn0zxshaWVtdmlSfZ0pDGFZoFfECIhuC0jVpKOdsti
ohwY3O90DI/sxVvyhHthm2zFXF0wNU1UmEd/vNaeb7kB09EpMGFVVzeFNfbjXIfNAL1Yro28zznE
/iyEvBf5gCwvb5EbW2cYDym3QFuxeMlFGKFrYXGXQUTfteSdKHOirjV67T7KMeDS3D4MHrvsGVil
1NjyoI0RhllrAvlGeKKoJx5ENY4ikaIKinIVLCIwuXmCb4pRacSxstf48j6zwYj8zhTj9qyJQfZX
AzBLkwhfuFErP4P+nqxSxN1kra5jw5iuaNtWmpMC0WRv3wSTMvtTl4Mp1Tc6xMKVKiO8FoCWpjZ7
B30ZiPeQfcBy7BzrqOPhhyZ7j2QcGsAbCEFL6adzWATqJBcvtmrRVkCELVvKgkaTkJylbXbkg0vN
eTDFp+NMjeULMLUmo6QNOzNs5lHbjk8WtYODy6kG79D9sD7gQdO4Nu5r32dvM7AgQW6HBcaHYTTM
y5iyZcEKDS+isTb2K1HcsofVgsAXk2xmLEHlVQfmi4RsW9wJLzNVC4YffF2+XZzVaBxUYMXzuC0j
iWR0ibV8hXHLTzyJMGI7V2K1YmM0YrEIoDaCzIHMlCtDDk4agnZTlGGSRfiDGejRwE5I3g2Y83CP
2wGPUUtOWxZWOkVeZYMK1BJNR9x5Ija7mEK+3HXKJYie7JvafaYmKagPrwrRgKBChBVEPNFRRAKI
vVNzpsDWhCovJT48jhrjebb2Eq7nRLNTjpopGixCPnC/3MkSLjVtCKkKDWpaMoLlSc4L4aMzrQLm
NAiw0X+yLta7TkNFRpA3NaRW5MM2O2PrewPSbVHc7kBsTTOIEDszz/gPaMPXZZwxAXdgGlsF7Q4K
OW87Rd7wUFD2eQpC4be2esUxRT63wVOFCjkoHwKe4Okgl5oVly3lqHoHh6LiQsfC9pGR8gIZM7oS
/Oe8UEWobvNeSGdCm9880Th4oB8BQbuQ3pysFccWK1CRGVIEZJQBXWztzoyFcoyGTO1YX0ksWrA2
O5jJhTYioco+74fzPQkPCsYh+9moRWPiRIITEvJ5UmWoIfL+kxl7N+McWmrzQKZtPwxNOXa51PLS
JS1zyYDFYCK3MqBOvBKuvDmPIKtadBRFqSoDsWDURNeDCtNWUZjNTXGGJoFzLYTbiiw39Co8L3hN
qzrC3IUWPuFaOLt934X8sGabJuvBie66EyL12i8pg2nhkkGuco2YcbaS61RAljb7oYUaadEUqxxv
YVakgIMdBGqKB0u+0ga3xePoymR/mwvzMG6laaNMhMIP6jVRM19VGQSuHcZRv3wUKgi91AdTwYX5
l+JVzhtKBYnEQQH4LX61KfSKiinnUjKdSJgJ00QYVBMxxcBKQ1OMaeVsCCMCjVKdqgyUCEHChFKJ
QzSBI5N4ZQeGtlorKn3Kn1O6n5QXDja5T7OAlimdBqsWxjTpmWKLkkKCU7qUiM8Z/aJwemHKbI03
DdCdMQJiCZaXo0UuX1M/5CQjl1YiBhzZiWJeG5hSVPwGvp7e0zkKONc51L2M1xUECvSoJivNrqKb
7v5a5fAE8Pg01KLYDCqyl1rzNjroY1rACXgriyFGi9IomYc/HGEMFidtpSzOTmgjG6wwRKH9mEwO
Hoi/Y8QsW8wksrzIpUtcltmLFjjlCzaDFKpLoZSjo1wu7fuCseltySVNAUG8pugAS8x/xco3k8BM
tDSYlrXjJ2OLVZwFFpv9juVlDfE4orDSik2yNPcQWmTxaOvYfoF5YtZPCmjXRjjMlANmerTcAEH6
URYP2GsEGseh6GeKMYsJcBx0KA+YWxaAcs8UT7hNASQYDycSPNQssXcSzAxwYKIpjiuxlGEGaszZ
mp/xtKIWy20Ejb2FM+rCOghSJJ0KFKpDLLPKq+cKzcqUT84tC+hriMBIRasQm3VyZw3i1QWlOH2w
p1l5miimKoTPZomY2eljMdfFlg9/JmtRY8dSaehBdHoNPUVphDS8E3Z6h7ctPPrpCjCEoiK0S4la
mlyschjdoKRCAQdMCd4/SJ2sjNUjhqt8uBkpi93OciVOpqdAlWn0eI62WcGS15rYZhGmi8vr04G5
FZPT5tzDse7p087QImRYfZjUCvUGmAJHV8GbP4FcCCwZVQwFYyKwJTLJs6wSnGE78FIwSeSb9JJL
AnfDdW9xcH3HsbJpsozkjK9S2uRhZtvEkaWT5a8tUVG4Y+8GIyb71amTizsARdiFMF/UQ7agxW1Q
93kvhpLFfIokUGNkr8kH8e3CVuyJdhyG0PkoMttAQhFh8J8arswBluiwU0GjQzf6Pwp1wH6hohlK
hyYNBX9FjCaNkduz0WIFDYU+g5W/VgBrIPdBH+uQEqAXK4rO5YosuZWgNbMvw/uSkC76fXNY3MMc
sPweL8JjyLIFhvJHayzoRe2+Iim14gYFWnKEdVUM6ZxKK00dObVyoBQJcraFpyN5EjzJj75ZLnY7
VHq4TLx9f3Q96P1w0Nx7fddt9u/6zd4P3R98KA9NHvoeH2XxMGccvuqYdGWOdvde0i1XcZdC5U8P
gwz+aBxDDeT+QN3Ew98CdCF4Iy7yeVKB2V+KLACYkd3jqQzo181KyBxiZ/H0v4Ri9tY9+0VXnqMJ
vWQVp+6C0fC9exh7VbKvxNSOx1yoNoOOCghChE+PCJawcKV/C+h3+ew3hr8L1+3he9qshc8o7HV2
Owfw9bszUMpkz9t73dn3d/d6Ar8d9Hv8dX/S2etO+696B6LTO9h9PXnVZ98B7lQtRAQBtyKL32Vs
nqU0D+n9bn57sDgNh3d0M7wUrwrxGZJOp9/t9vDXOoYnl+55sLlI68ol5gHlz+cVsdXQLn3/rnYa
h0VVYgG4TGRNm5+gg0vE1D68gw8GelkS3BOqrIgejlPRp2sOULYIo+SlKxdOzJ1hF7biRHj+xOIs
rPyoYmwnzeYtXnredjgng81/9gIi9Y2v0khUbOpnLCQuh1TGlPA///wfo6oLOA==
===END CRASH DUMP===
